2021-05-24 13:47:47,211 [INFO] Activator:170 - 


2021-05-24 13:47:47,215 [INFO] Activator:171 - !SESSION log4j initialized
2021-05-24 13:48:37,365 [INFO] McuFinderGlobals:39 - Set McuFinder mode to 2 (CubeIDE integrated)
2021-05-24 13:48:37,474 [INFO] ApplicationProperties:181 - Using Application install path: /home/nomad/st/stm32cubeide_1.6.1/plugins/com.st.stm32cube.common.mx_6.2.1.202103241236
2021-05-24 13:48:37,489 [INFO] DbMcusXml:74 - Set database path to: /home/nomad/st/stm32cubeide_1.6.1/plugins/com.st.stm32cube.common.mx_6.2.1.202103241236//db//mcu/
2021-05-24 13:48:37,494 [INFO] DbBoardsPdsc:56 - Set plugin database path to: /home/nomad/st/stm32cubeide_1.6.1/plugins/com.st.stm32cube.common.mx_6.2.1.202103241236//db//plugins/boardmanager/
2021-05-24 13:48:37,494 [INFO] DbMcus:258 - Set plugin images path to: /home/nomad/st/stm32cubeide_1.6.1/plugins/com.st.stm32cube.common.mx_6.2.1.202103241236//db//plugins/mcufinder/images/
2021-05-24 13:48:37,494 [INFO] DbBoards:264 - Set plugin images path to: /home/nomad/st/stm32cubeide_1.6.1/plugins/com.st.stm32cube.common.mx_6.2.1.202103241236//db//plugins/mcufinder/images/
2021-05-24 13:48:37,498 [INFO] DbExamples:333 - Set plugin images path to: /home/nomad/st/stm32cubeide_1.6.1/plugins/com.st.stm32cube.common.mx_6.2.1.202103241236//db//plugins/mcufinder/images/
2021-05-24 13:48:37,502 [INFO] DbMcusAds:85 - Set database path to: /home/nomad/.stmcufinder/plugins/mcufinder//mcu/
2021-05-24 13:48:37,504 [INFO] DbMcusDocs:110 - Set database path to: /home/nomad/.stmcufinder/plugins/mcufinder//mcu/
2021-05-24 13:48:37,507 [INFO] DbMcusJson:65 - Set database path to: /home/nomad/.stmcufinder/plugins/mcufinder//mcu/
2021-05-24 13:48:37,508 [INFO] DbBoardsDocs:110 - Set database path to: /home/nomad/.stmcufinder/plugins/mcufinder//mcu/
2021-05-24 13:48:37,510 [INFO] DbBoardsJson:58 - Set database path to: /home/nomad/.stmcufinder/plugins/mcufinder//mcu/
2021-05-24 13:48:38,518 [INFO] CrossReferenceDbSqlite:196 - Set database path to: /home/nomad/.stmcufinder/plugins/mcufinder//mcu/cs/
2021-05-24 13:48:38,525 [INFO] DbExamplesSqlite:690 - Set database path to: /home/nomad/.stmcufinder/plugins/mcufinder//mcu/
2021-05-24 13:48:38,644 [INFO] RulesReader:52 - Compatibility file has been processed (237 Rules)
2021-05-24 13:48:38,723 [INFO] MicroXplorer:622 - Detected Java Version = 11.0.9.1
2021-05-24 13:48:38,725 [INFO] DbMcusXml:74 - Set database path to: /home/nomad/st/stm32cubeide_1.6.1/plugins/com.st.stm32cube.common.mx_6.2.1.202103241236//db//mcu/
2021-05-24 13:48:38,725 [INFO] DbBoardsPdsc:56 - Set plugin database path to: /home/nomad/st/stm32cubeide_1.6.1/plugins/com.st.stm32cube.common.mx_6.2.1.202103241236//db//plugins/boardmanager/
2021-05-24 13:48:38,725 [INFO] DbMcus:258 - Set plugin images path to: /home/nomad/st/stm32cubeide_1.6.1/plugins/com.st.stm32cube.common.mx_6.2.1.202103241236//db//plugins/mcufinder/images/
2021-05-24 13:48:38,725 [INFO] DbBoards:264 - Set plugin images path to: /home/nomad/st/stm32cubeide_1.6.1/plugins/com.st.stm32cube.common.mx_6.2.1.202103241236//db//plugins/mcufinder/images/
2021-05-24 13:48:38,725 [INFO] DbExamples:333 - Set plugin images path to: /home/nomad/st/stm32cubeide_1.6.1/plugins/com.st.stm32cube.common.mx_6.2.1.202103241236//db//plugins/mcufinder/images/
2021-05-24 13:48:38,726 [WARN] DbFile:35 - Overriding database path with different value: /home/nomad/.stmcufinder/plugins/mcufinder/ => /home/nomad/.stmcufinder/plugins/mcufinder
2021-05-24 13:48:38,726 [INFO] DbMcusAds:85 - Set database path to: /home/nomad/.stmcufinder/plugins/mcufinder//mcu/
2021-05-24 13:48:38,726 [WARN] DbFile:35 - Overriding database path with different value: /home/nomad/.stmcufinder/plugins/mcufinder/ => /home/nomad/.stmcufinder/plugins/mcufinder
2021-05-24 13:48:38,726 [INFO] DbMcusDocs:110 - Set database path to: /home/nomad/.stmcufinder/plugins/mcufinder//mcu/
2021-05-24 13:48:38,727 [WARN] DbFile:35 - Overriding database path with different value: /home/nomad/.stmcufinder/plugins/mcufinder/ => /home/nomad/.stmcufinder/plugins/mcufinder
2021-05-24 13:48:38,727 [INFO] DbMcusJson:65 - Set database path to: /home/nomad/.stmcufinder/plugins/mcufinder//mcu/
2021-05-24 13:48:38,727 [WARN] DbFile:35 - Overriding database path with different value: /home/nomad/.stmcufinder/plugins/mcufinder/ => /home/nomad/.stmcufinder/plugins/mcufinder
2021-05-24 13:48:38,727 [INFO] DbBoardsDocs:110 - Set database path to: /home/nomad/.stmcufinder/plugins/mcufinder//mcu/
2021-05-24 13:48:38,728 [WARN] DbFile:35 - Overriding database path with different value: /home/nomad/.stmcufinder/plugins/mcufinder/ => /home/nomad/.stmcufinder/plugins/mcufinder
2021-05-24 13:48:38,728 [INFO] DbBoardsJson:58 - Set database path to: /home/nomad/.stmcufinder/plugins/mcufinder//mcu/
2021-05-24 13:48:38,728 [WARN] DbFile:35 - Overriding database path with different value: /home/nomad/.stmcufinder/plugins/mcufinder/ => /home/nomad/.stmcufinder/plugins/mcufinder
2021-05-24 13:48:38,728 [WARN] DbFile:35 - Overriding database path with different value: /home/nomad/.stmcufinder/plugins/mcufinder/ => /home/nomad/.stmcufinder/plugins/mcufinder
2021-05-24 13:48:39,730 [INFO] CrossReferenceDbSqlite:196 - Set database path to: /home/nomad/.stmcufinder/plugins/mcufinder//mcu/cs/
2021-05-24 13:48:39,731 [WARN] DbFile:35 - Overriding database path with different value: /home/nomad/.stmcufinder/plugins/mcufinder/ => /home/nomad/.stmcufinder/plugins/mcufinder
2021-05-24 13:48:39,731 [INFO] DbExamplesSqlite:690 - Set database path to: /home/nomad/.stmcufinder/plugins/mcufinder//mcu/
2021-05-24 13:48:39,798 [INFO] MainPanel:204 - HeapMemory: 307232768
2021-05-24 13:48:39,897 [INFO] DbMcusXml:74 - Set database path to: /home/nomad/st/stm32cubeide_1.6.1/plugins/com.st.stm32cube.common.mx_6.2.1.202103241236//db//mcu/
2021-05-24 13:48:39,897 [INFO] DbBoardsPdsc:56 - Set plugin database path to: /home/nomad/st/stm32cubeide_1.6.1/plugins/com.st.stm32cube.common.mx_6.2.1.202103241236//db//plugins/boardmanager/
2021-05-24 13:48:39,897 [INFO] DbMcus:258 - Set plugin images path to: /home/nomad/st/stm32cubeide_1.6.1/plugins/com.st.stm32cube.common.mx_6.2.1.202103241236//db//plugins/mcufinder/images/
2021-05-24 13:48:39,897 [INFO] DbBoards:264 - Set plugin images path to: /home/nomad/st/stm32cubeide_1.6.1/plugins/com.st.stm32cube.common.mx_6.2.1.202103241236//db//plugins/mcufinder/images/
2021-05-24 13:48:39,897 [INFO] DbExamples:333 - Set plugin images path to: /home/nomad/st/stm32cubeide_1.6.1/plugins/com.st.stm32cube.common.mx_6.2.1.202103241236//db//plugins/mcufinder/images/
2021-05-24 13:48:39,898 [WARN] DbFile:35 - Overriding database path with different value: /home/nomad/.stmcufinder/plugins/mcufinder/ => /home/nomad/.stmcufinder/plugins/mcufinder
2021-05-24 13:48:39,898 [INFO] DbMcusAds:85 - Set database path to: /home/nomad/.stmcufinder/plugins/mcufinder//mcu/
2021-05-24 13:48:39,898 [WARN] DbFile:35 - Overriding database path with different value: /home/nomad/.stmcufinder/plugins/mcufinder/ => /home/nomad/.stmcufinder/plugins/mcufinder
2021-05-24 13:48:39,898 [INFO] DbMcusDocs:110 - Set database path to: /home/nomad/.stmcufinder/plugins/mcufinder//mcu/
2021-05-24 13:48:39,898 [WARN] DbFile:35 - Overriding database path with different value: /home/nomad/.stmcufinder/plugins/mcufinder/ => /home/nomad/.stmcufinder/plugins/mcufinder
2021-05-24 13:48:39,898 [INFO] DbMcusJson:65 - Set database path to: /home/nomad/.stmcufinder/plugins/mcufinder//mcu/
2021-05-24 13:48:39,898 [WARN] DbFile:35 - Overriding database path with different value: /home/nomad/.stmcufinder/plugins/mcufinder/ => /home/nomad/.stmcufinder/plugins/mcufinder
2021-05-24 13:48:39,899 [INFO] DbBoardsDocs:110 - Set database path to: /home/nomad/.stmcufinder/plugins/mcufinder//mcu/
2021-05-24 13:48:39,899 [WARN] DbFile:35 - Overriding database path with different value: /home/nomad/.stmcufinder/plugins/mcufinder/ => /home/nomad/.stmcufinder/plugins/mcufinder
2021-05-24 13:48:39,899 [INFO] DbBoardsJson:58 - Set database path to: /home/nomad/.stmcufinder/plugins/mcufinder//mcu/
2021-05-24 13:48:39,899 [WARN] DbFile:35 - Overriding database path with different value: /home/nomad/.stmcufinder/plugins/mcufinder/ => /home/nomad/.stmcufinder/plugins/mcufinder
2021-05-24 13:48:39,899 [WARN] DbFile:35 - Overriding database path with different value: /home/nomad/.stmcufinder/plugins/mcufinder/ => /home/nomad/.stmcufinder/plugins/mcufinder
2021-05-24 13:48:40,900 [INFO] CrossReferenceDbSqlite:196 - Set database path to: /home/nomad/.stmcufinder/plugins/mcufinder//mcu/cs/
2021-05-24 13:48:40,901 [WARN] DbFile:35 - Overriding database path with different value: /home/nomad/.stmcufinder/plugins/mcufinder/ => /home/nomad/.stmcufinder/plugins/mcufinder
2021-05-24 13:48:40,901 [INFO] DbExamplesSqlite:690 - Set database path to: /home/nomad/.stmcufinder/plugins/mcufinder//mcu/
2021-05-24 13:48:40,925 [INFO] ApplicationProperties:181 - Using Application install path: /home/nomad/st/stm32cubeide_1.6.1/plugins/com.st.stm32cube.common.mx_6.2.1.202103241236
2021-05-24 13:48:40,927 [INFO] PluginManage:178 - Search for loadable plugins [exclusion list=, ]
2021-05-24 13:48:40,929 [INFO] PluginManage:292 - Check plugin analytics
2021-05-24 13:48:42,129 [INFO] AnalyticsPlugin:233 - Accepted Software Licenses: 
2021-05-24 13:48:42,130 [INFO] AnalyticsPlugin:235 - Accepted CMSIS Pack Licenses: 
2021-05-24 13:48:42,130 [INFO] AnalyticsPlugin:237 - Accepted Firmware Licenses: 
2021-05-24 13:48:42,131 [INFO] PluginManage:342 - Loaded plugin analytics (category:tool,tabindex:-1)
2021-05-24 13:48:42,131 [INFO] PluginManage:292 - Check plugin clock
2021-05-24 13:48:42,146 [INFO] PluginManage:342 - Loaded plugin clock (category:base,tabindex:2)
2021-05-24 13:48:42,146 [INFO] PluginManage:292 - Check plugin ddr
2021-05-24 13:48:42,149 [INFO] PluginManage:342 - Loaded plugin ddr (category:tool,tabindex:6)
2021-05-24 13:48:42,149 [INFO] PluginManage:292 - Check plugin filemanager
2021-05-24 13:48:42,307 [INFO] PluginManage:342 - Loaded plugin filemanager (category:base,tabindex:10)
2021-05-24 13:48:42,308 [INFO] PluginManage:292 - Check plugin ipmanager
2021-05-24 13:48:42,334 [INFO] PluginManage:342 - Loaded plugin ipmanager (category:base,tabindex:5)
2021-05-24 13:48:42,334 [INFO] PluginManage:292 - Check plugin pinoutandconfiguration
2021-05-24 13:48:42,346 [INFO] PluginManage:342 - Loaded plugin pinoutandconfiguration (category:base,tabindex:1)
2021-05-24 13:48:42,347 [INFO] PluginManage:292 - Check plugin pinoutconfig
2021-05-24 13:48:42,378 [INFO] PluginManage:342 - Loaded plugin pinoutconfig (category:base,tabindex:0)
2021-05-24 13:48:42,378 [INFO] PluginManage:292 - Check plugin power
2021-05-24 13:48:42,389 [INFO] PluginManage:342 - Loaded plugin power (category:power,tabindex:4)
2021-05-24 13:48:42,390 [INFO] PluginManage:292 - Check plugin projectmanager
2021-05-24 13:48:42,417 [INFO] PluginManage:342 - Loaded plugin projectmanager (category:projectmanager,tabindex:3)
2021-05-24 13:48:42,417 [INFO] PluginManage:292 - Check plugin thirdparty
2021-05-24 13:48:42,565 [INFO] PluginManage:342 - Loaded plugin thirdparty (category:base,tabindex:-1)
2021-05-24 13:48:42,565 [INFO] PluginManage:292 - Check plugin tools
2021-05-24 13:48:42,565 [WARN] IntegrityCheckThread:59 - waiting for thirdparty lock release [integrity check]
2021-05-24 13:48:42,567 [INFO] IntegrityCheckThread:61 - entering critical section [integrity check]
2021-05-24 13:48:42,567 [INFO] ThirdPartyUpdaterWithRetryManager:56 - Updater plugin not ready yet. [1/15]
2021-05-24 13:48:42,568 [INFO] PluginManage:342 - Loaded plugin tools (category:base,tabindex:7)
2021-05-24 13:48:42,568 [INFO] PluginManage:292 - Check plugin tutovideos
2021-05-24 13:48:42,817 [INFO] PluginManage:342 - Loaded plugin tutovideos (category:base,tabindex:-1)
2021-05-24 13:48:42,818 [INFO] PluginManage:292 - Check plugin updater
2021-05-24 13:48:42,835 [INFO] PluginManage:342 - Loaded plugin updater (category:base,tabindex:12)
2021-05-24 13:48:42,836 [INFO] PluginManage:265 - PluginManage : Loaded plugins [13]
2021-05-24 13:48:43,130 [INFO] PinOutPanel:1435 - setPackage(No Configuration,No Configuration)
2021-05-24 13:48:43,221 [INFO] IPUIPlugin:64 - create IPUIPlugin
2021-05-24 13:48:43,222 [INFO] PluginManager:203 - loadIPPluginJar : add ltdc
2021-05-24 13:48:43,225 [INFO] IPUIPlugin:64 - create IPUIPlugin
2021-05-24 13:48:43,225 [INFO] PluginManager:203 - loadIPPluginJar : add gtzc
2021-05-24 13:48:43,231 [INFO] IPUIPlugin:64 - create IPUIPlugin
2021-05-24 13:48:43,231 [INFO] PluginManager:203 - loadIPPluginJar : add pdm2pcm
2021-05-24 13:48:43,235 [INFO] IPUIPlugin:64 - create IPUIPlugin
2021-05-24 13:48:43,236 [INFO] PluginManager:203 - loadIPPluginJar : add mdma
2021-05-24 13:48:43,239 [INFO] IPUIPlugin:64 - create IPUIPlugin
2021-05-24 13:48:43,240 [INFO] PluginManager:203 - loadIPPluginJar : add lorawan
2021-05-24 13:48:43,243 [INFO] IPUIPlugin:64 - create IPUIPlugin
2021-05-24 13:48:43,243 [INFO] PluginManager:203 - loadIPPluginJar : add i2c
2021-05-24 13:48:43,247 [INFO] IPUIPlugin:64 - create IPUIPlugin
2021-05-24 13:48:43,247 [INFO] PluginManager:203 - loadIPPluginJar : add openamp
2021-05-24 13:48:43,250 [INFO] IPUIPlugin:64 - create IPUIPlugin
2021-05-24 13:48:43,250 [INFO] PluginManager:203 - loadIPPluginJar : add cryp
2021-05-24 13:48:43,252 [INFO] IPUIPlugin:64 - create IPUIPlugin
2021-05-24 13:48:43,253 [INFO] PluginManager:203 - loadIPPluginJar : add quadspi
2021-05-24 13:48:43,260 [INFO] IPUIPlugin:64 - create IPUIPlugin
2021-05-24 13:48:43,260 [INFO] PluginManager:203 - loadIPPluginJar : add dma
2021-05-24 13:48:43,269 [INFO] IPUIPlugin:64 - create IPUIPlugin
2021-05-24 13:48:43,275 [INFO] PluginManager:203 - loadIPPluginJar : add plateformsettings
2021-05-24 13:48:43,283 [INFO] IPUIPlugin:64 - create IPUIPlugin
2021-05-24 13:48:43,284 [INFO] PluginManager:203 - loadIPPluginJar : add fmc
2021-05-24 13:48:43,288 [INFO] IPUIPlugin:64 - create IPUIPlugin
2021-05-24 13:48:43,288 [INFO] PluginManager:203 - loadIPPluginJar : add opamp
2021-05-24 13:48:43,293 [INFO] IPUIPlugin:64 - create IPUIPlugin
2021-05-24 13:48:43,294 [INFO] PluginManager:203 - loadIPPluginJar : add nvic
2021-05-24 13:48:43,301 [INFO] IPUIPlugin:64 - create IPUIPlugin
2021-05-24 13:48:43,301 [INFO] PluginManager:203 - loadIPPluginJar : add stm32_wpan
2021-05-24 13:48:43,306 [INFO] IPUIPlugin:64 - create IPUIPlugin
2021-05-24 13:48:43,306 [INFO] PluginManager:203 - loadIPPluginJar : add ipddr
2021-05-24 13:48:43,314 [INFO] IPUIPlugin:64 - create IPUIPlugin
2021-05-24 13:48:43,315 [INFO] PluginManager:203 - loadIPPluginJar : add gic
2021-05-24 13:48:43,318 [INFO] IPUIPlugin:64 - create IPUIPlugin
2021-05-24 13:48:43,318 [INFO] PluginManager:203 - loadIPPluginJar : add spi
2021-05-24 13:48:43,321 [INFO] IPUIPlugin:64 - create IPUIPlugin
2021-05-24 13:48:43,321 [INFO] PluginManager:203 - loadIPPluginJar : add ucpd
2021-05-24 13:48:43,324 [INFO] IPUIPlugin:64 - create IPUIPlugin
2021-05-24 13:48:43,324 [INFO] PluginManager:203 - loadIPPluginJar : add tracer_emb
2021-05-24 13:48:43,326 [INFO] IPUIPlugin:64 - create IPUIPlugin
2021-05-24 13:48:43,327 [INFO] PluginManager:203 - loadIPPluginJar : add genericplugin
2021-05-24 13:48:43,330 [INFO] IPUIPlugin:64 - create IPUIPlugin
2021-05-24 13:48:43,331 [INFO] PluginManager:203 - loadIPPluginJar : add dfsdm
2021-05-24 13:48:43,334 [INFO] IPUIPlugin:64 - create IPUIPlugin
2021-05-24 13:48:43,335 [INFO] PluginManager:203 - loadIPPluginJar : add usart
2021-05-24 13:48:43,336 [INFO] IPUIPlugin:64 - create IPUIPlugin
2021-05-24 13:48:43,337 [INFO] PluginManager:203 - loadIPPluginJar : add fatfs
2021-05-24 13:48:43,339 [INFO] IPUIPlugin:64 - create IPUIPlugin
2021-05-24 13:48:43,339 [INFO] PluginManager:203 - loadIPPluginJar : add tsc
2021-05-24 13:48:43,343 [INFO] IPUIPlugin:64 - create IPUIPlugin
2021-05-24 13:48:43,344 [INFO] PluginManager:203 - loadIPPluginJar : add sai
2021-05-24 13:48:43,348 [INFO] IPUIPlugin:64 - create IPUIPlugin
2021-05-24 13:48:43,349 [INFO] PluginManager:203 - loadIPPluginJar : add resmgrutility
2021-05-24 13:48:43,352 [INFO] IPUIPlugin:64 - create IPUIPlugin
2021-05-24 13:48:43,352 [INFO] PluginManager:203 - loadIPPluginJar : add tim
2021-05-24 13:48:43,360 [INFO] IPUIPlugin:64 - create IPUIPlugin
2021-05-24 13:48:43,361 [INFO] PluginManager:203 - loadIPPluginJar : add freertos
2021-05-24 13:48:43,365 [INFO] IPUIPlugin:64 - create IPUIPlugin
2021-05-24 13:48:43,366 [INFO] PluginManager:203 - loadIPPluginJar : add touchsensing
2021-05-24 13:48:43,369 [INFO] IPUIPlugin:64 - create IPUIPlugin
2021-05-24 13:48:43,370 [INFO] PluginManager:203 - loadIPPluginJar : add aes
2021-05-24 13:48:43,378 [INFO] IPUIPlugin:64 - create IPUIPlugin
2021-05-24 13:48:43,379 [INFO] PluginManager:203 - loadIPPluginJar : add adc
2021-05-24 13:48:43,382 [INFO] IPUIPlugin:64 - create IPUIPlugin
2021-05-24 13:48:43,382 [INFO] PluginManager:203 - loadIPPluginJar : add gfxmmu
2021-05-24 13:48:43,385 [INFO] IPUIPlugin:64 - create IPUIPlugin
2021-05-24 13:48:43,385 [INFO] PluginManager:203 - loadIPPluginJar : add comp
2021-05-24 13:48:43,388 [INFO] IPUIPlugin:64 - create IPUIPlugin
2021-05-24 13:48:43,388 [INFO] PluginManager:203 - loadIPPluginJar : add ts
2021-05-24 13:48:43,392 [INFO] IPUIPlugin:64 - create IPUIPlugin
2021-05-24 13:48:43,392 [INFO] PluginManager:203 - loadIPPluginJar : add can
2021-05-24 13:48:43,395 [INFO] IPUIPlugin:64 - create IPUIPlugin
2021-05-24 13:48:43,396 [INFO] PluginManager:203 - loadIPPluginJar : add i2s
2021-05-24 13:48:43,399 [INFO] IPUIPlugin:64 - create IPUIPlugin
2021-05-24 13:48:43,399 [INFO] PluginManager:203 - loadIPPluginJar : add hash
2021-05-24 13:48:43,405 [INFO] IPUIPlugin:64 - create IPUIPlugin
2021-05-24 13:48:43,406 [INFO] PluginManager:203 - loadIPPluginJar : add gpio
2021-05-24 13:48:43,793 [FATAL] Updater:284 - Updater called before beeing initialized
2021-05-24 13:48:43,953 [FATAL] Updater:284 - Updater called before beeing initialized
2021-05-24 13:48:43,960 [INFO] DbMcusAds:132 - JSON generation date=Tue May 11 22:32:49 ICT 2021 (1620747169502)
2021-05-24 13:48:43,960 [FATAL] Updater:284 - Updater called before beeing initialized
2021-05-24 13:48:43,999 [WARN] DetailPanel:315 - Failed to get advertising image, set to default
2021-05-24 13:48:44,208 [FATAL] Updater:284 - Updater called before beeing initialized
2021-05-24 13:48:44,209 [FATAL] Updater:284 - Updater called before beeing initialized
2021-05-24 13:48:44,210 [FATAL] Updater:284 - Updater called before beeing initialized
2021-05-24 13:48:44,210 [WARN] DetailPanel:315 - Failed to get advertising image, set to default
2021-05-24 13:48:44,214 [FATAL] Updater:284 - Updater called before beeing initialized
2021-05-24 13:48:44,263 [FATAL] Updater:284 - Updater called before beeing initialized
2021-05-24 13:48:44,263 [WARN] ThirdParty:796 - waiting for thirdparty lock release [close project]
2021-05-24 13:48:45,568 [INFO] ThirdPartyUpdaterWithRetryManager:56 - Updater plugin not ready yet. [2/15]
2021-05-24 13:48:48,569 [FATAL] Updater:284 - Updater called before beeing initialized
2021-05-24 13:48:48,570 [ERROR] AbstractThirdPartyUpdaterManager:153 - class java.lang.Integer cannot be cast to class java.util.List (java.lang.Integer and java.util.List are in module java.base of loader 'bootstrap')
2021-05-24 13:48:48,570 [INFO] ThirdParty:900 - Integrity check success = false
2021-05-24 13:48:48,571 [INFO] IntegrityCheckThread:75 - exiting critical section [integrity check]
2021-05-24 13:48:48,571 [INFO] IntegrityCheckThread:78 - End integrity checks thread
2021-05-24 13:48:48,571 [INFO] ThirdParty:798 - entering critical section [close project]
2021-05-24 13:48:48,573 [INFO] ThirdParty:809 - exiting critical section [close project]
2021-05-24 13:48:48,578 [INFO] PinOutPanel:1435 - setPackage(No Configuration,No Configuration)
2021-05-24 13:48:48,580 [FATAL] Updater:284 - Updater called before beeing initialized
2021-05-24 13:48:48,586 [ERROR] Updater:1065 - MainUpdater not yet initialized. External WinMGr cannot be set.
2021-05-24 13:48:48,588 [INFO] Updater:1002 - Updater Version found : 6.2.1
2021-05-24 13:48:48,607 [INFO] ApplicationProperties:181 - Using Application install path: /home/nomad/st/stm32cubeide_1.6.1/plugins/com.st.stm32cube.common.mx_6.2.1.202103241236
2021-05-24 13:48:48,723 [INFO] MainUpdater:2661 - connection check result : 10
2021-05-24 13:48:48,724 [INFO] MainUpdater:255 - Updater Check For Update Now.
2021-05-24 13:48:48,724 [INFO] MicroXplorer:472 - Change Database Version : DB.6.0.21
2021-05-24 13:48:48,793 [INFO] CheckServerUpdateThread:102 - End of CheckServer Thread
2021-05-24 13:48:48,831 [INFO] MainUpdater:2661 - connection check result : 10
2021-05-24 13:48:49,707 [INFO] CrossSelectorPresenter:1330 - Cross Selector saved comparison directory: /home/nomad/.stmcufinder/plugins/mcufinder/mcu/cs_comparisons_mx
2021-05-24 13:48:49,717 [INFO] MultiScanPanel:200 - Auto-refresh data requested => check proxy status ongoing
2021-05-24 13:48:49,723 [INFO] FinderPluginLoader:87 - Searching for filters in installed packs
2021-05-24 13:48:49,724 [INFO] DbMcusXml:100 - Load MCU database from /home/nomad/st/stm32cubeide_1.6.1/plugins/com.st.stm32cube.common.mx_6.2.1.202103241236//db//mcu/families.xml
2021-05-24 13:48:51,863 [INFO] DbMcusJson:94 - JSON generation date=Mon Feb 08 20:35:07 ICT 2021 (1612791307)
2021-05-24 13:48:54,323 [INFO] DbMcus:175 - Found 1906 MCUs (1866 are supported by CubeMX, 1866 are visible in CubeMX)
2021-05-24 13:48:54,325 [INFO] ApiDb:251 - Load user favorites file /home/nomad/.stm32cubeide/favorites.mcus.txt: 0 item(s)
2021-05-24 13:48:54,325 [INFO] ApiDb:255 - User favorites MCUs=[]
2021-05-24 13:48:54,325 [INFO] DbMcus:187 - Set 0 / 0 favorites MCUs
2021-05-24 13:48:55,266 [WARN] DetailPanel:315 - Failed to get advertising image, set to default
2021-05-24 13:48:56,247 [INFO] DbBoardsPdsc:90 - Found 46 items
2021-05-24 13:48:56,255 [INFO] DbBoardsPdsc:90 - Found 24 items
2021-05-24 13:48:56,258 [INFO] DbBoardsPdsc:90 - Found 9 items
2021-05-24 13:48:56,260 [INFO] DbBoardsPdsc:90 - Found 1 items
2021-05-24 13:48:56,262 [INFO] DbBoardsPdsc:90 - Found 2 items
2021-05-24 13:48:56,265 [INFO] DbBoardsPdsc:90 - Found 5 items
2021-05-24 13:48:56,273 [INFO] DbBoardsPdsc:90 - Found 33 items
2021-05-24 13:48:56,292 [INFO] DbBoardsPdsc:90 - Found 41 items
2021-05-24 13:48:56,297 [WARN] DbBoardsPdsc:254 - Board STM32H7B3I-DK: unknown feature type=Audio, name=, username=Audio stereo codec with Headphone Amp (CS42L51-CNZ), n=1
2021-05-24 13:48:56,298 [WARN] DbBoardsPdsc:254 - Board STM32H735G-DK: unknown feature type=Audio, name=, username=Audio stereo codec with Headphone Amp (WM8994ECS/R), n=1
2021-05-24 13:48:56,299 [WARN] DbBoardsPdsc:254 - Board STM32WB5MM-DK: unknown feature type=, name=, username=Time-of-Flight and gesture-detection sensor, n=1
2021-05-24 13:48:56,299 [WARN] DbBoardsPdsc:254 - Board STM32WB5MM-DK: unknown feature type=, name=, username=3 push-buttons (2 users and 1 reset) and 1 touch key button, n=1
2021-05-24 13:48:56,300 [WARN] DbBoardsPdsc:254 - Board STM32WB5MM-DK: unknown feature type=, name=, username=Flexible power-supply options: ST-LINK/V2-1 USB connector, 5 V delivered by ARDUINO® or external connector, USB charger, or USB power, n=1
2021-05-24 13:48:56,300 [WARN] DbBoardsPdsc:254 - Board STM32WB5MM-DK: unknown feature type=, name=, username=On-board ST-LINK/V2-1 debugger/programmer with USB re-enumeration capability: Virtual COM port and debug port, n=1
2021-05-24 13:48:56,300 [WARN] DbBoardsPdsc:254 - Board STM32WB5MM-DK: unknown feature type=, name=, username=Comprehensive free software libraries and examples available with the STM32CubeWB MCU Package, n=1
2021-05-24 13:48:56,304 [WARN] DbBoardsPdsc:254 - Board STM32WB5MM-DK: unknown feature type=, name=, username=Support of a wide choice of Integrated Development Environments (IDEs) including IAR Embedded Workbench®, MDK-ARM, and STM32CubeIDE, n=1
2021-05-24 13:48:56,309 [WARN] DbBoardsPdsc:254 - Board NUCLEO-WB15CC: unknown feature type=, name=, username=Three user LEDs, n=1
2021-05-24 13:48:56,309 [WARN] DbBoardsPdsc:254 - Board NUCLEO-WB15CC: unknown feature type=, name=, username=One reset and three user push-buttons, n=1
2021-05-24 13:48:56,310 [WARN] DbBoardsPdsc:254 - Board NUCLEO-WB15CC: unknown feature type=, name=, username=Arduino Uno V3 expansion connector, n=1
2021-05-24 13:48:56,310 [WARN] DbBoardsPdsc:254 - Board NUCLEO-WB15CC: unknown feature type=, name=, username=ST morpho extension pin headers for full access to all STM32WB I/Os, n=1
2021-05-24 13:48:56,310 [WARN] DbBoardsPdsc:254 - Board NUCLEO-WB15CC: unknown feature type=, name=, username=Integrated PCB antenna and SMA connector footprint, n=1
2021-05-24 13:48:56,310 [WARN] DbBoardsPdsc:254 - Board NUCLEO-WB15CC: unknown feature type=, name=, username=Flexible power-supply options: ST-LINK, USB VBUS, or external sources, n=1
2021-05-24 13:48:56,310 [WARN] DbBoardsPdsc:254 - Board NUCLEO-WB15CC: unknown feature type=, name=, username=On-board footprint to mount a CR2032 battery socket, n=1
2021-05-24 13:48:56,310 [WARN] DbBoardsPdsc:254 - Board NUCLEO-WB15CC: unknown feature type=, name=, username=On-board ST-LINK/V2-1 debugger/programmer with USB re-enumeration capability: mass storage, Virtual COM port, and debug port, n=1
2021-05-24 13:48:56,311 [WARN] DbBoardsPdsc:254 - Board NUCLEO-WB15CC: unknown feature type=, name=, username=Comprehensive free software libraries and examples available with the STM32CubeWB MCU Package, n=1
2021-05-24 13:48:56,311 [WARN] DbBoardsPdsc:254 - Board NUCLEO-WB15CC: unknown feature type=, name=, username=Support of a wide choice of Integrated Development Environments (IDEs) including IAR Embedded Workbench, MDK-ARM, STM32CubeIDE, and Mbed Studio, n=1
2021-05-24 13:48:56,316 [WARN] DbBoardsPdsc:254 - Board STM32H7B3I-EVAL: unknown feature type=Audio, name=, username=Multi-Channel Audio Codec (CS42L51-CNZ), n=1
2021-05-24 13:48:56,316 [WARN] DbBoardsPdsc:254 - Board STM32H7B3I-EVAL: unknown feature type=Meter, name=, username=Power-metering and Temperature-monitoring with sigma-delta modulators, n=1
2021-05-24 13:48:56,317 [WARN] DbBoardsPdsc:254 - Board STM32H7B3I-EVAL: unknown feature type=Motor, name=, username=Motor Control, n=1
2021-05-24 13:48:56,361 [INFO] DbBoardsJson:87 - JSON generation date=Thu Feb 04 23:53:45 ICT 2021 (1612457625)
2021-05-24 13:48:56,377 [INFO] DbBoards:117 - Found 161 boards (158 are supported by CubeMX)
2021-05-24 13:48:56,400 [INFO] DbBoardsDocs:143 - JSON generation date=Mon Feb 08 20:35:07 ICT 2021 (1612791307)
2021-05-24 13:48:56,490 [INFO] DbBoardsDocs:79 - Found 193 boards documents
2021-05-24 13:48:56,491 [WARN] DbBoards:127 - board B-L462E-CELL1 has no document id list !
2021-05-24 13:48:56,492 [WARN] DbBoards:127 - board B-L475E-IOT01A2 has no document id list !
2021-05-24 13:48:56,493 [WARN] DbBoards:127 - board NUCLEO-G0B1RE has no document id list !
2021-05-24 13:48:56,494 [WARN] DbBoards:127 - board NUCLEO-H743ZI2 has no document id list !
2021-05-24 13:48:56,495 [WARN] DbBoards:127 - board NUCLEO-L4A6ZG has no document id list !
2021-05-24 13:48:56,496 [WARN] DbBoards:127 - board NUCLEO-WB15CC has no document id list !
2021-05-24 13:48:56,496 [WARN] DbBoards:127 - board NUCLEO-WB55RG has no document id list !
2021-05-24 13:48:56,497 [WARN] DbBoards:127 - board NUCLEO-WL55JC2 has no document id list !
2021-05-24 13:48:56,497 [WARN] DbBoards:127 - board P-NUCLEO-WB55-Nucleo has no document id list !
2021-05-24 13:48:56,497 [WARN] DbBoards:127 - board P-NUCLEO-WB55-USBDongle has no document id list !
2021-05-24 13:48:56,497 [WARN] DbBoards:127 - board STEVAL-BFA001V1B has no document id list !
2021-05-24 13:48:56,497 [WARN] DbBoards:127 - board STEVAL-BFA001V2B has no document id list !
2021-05-24 13:48:56,498 [WARN] DbBoards:127 - board STEVAL-IDP005V1 has no document id list !
2021-05-24 13:48:56,498 [WARN] DbBoards:127 - board STEVAL-IDP005V2 has no document id list !
2021-05-24 13:48:56,498 [WARN] DbBoards:127 - board STEVAL-MKSBOX1V1 has no document id list !
2021-05-24 13:48:56,498 [WARN] DbBoards:127 - board STEVAL-STWINKT1 has no document id list !
2021-05-24 13:48:56,498 [WARN] DbBoards:127 - board STEVAL-STWINKT1B has no document id list !
2021-05-24 13:48:56,499 [WARN] DbBoards:127 - board STM32F401C-DISCO has no document id list !
2021-05-24 13:48:56,501 [WARN] DbBoards:127 - board STM32F769I-DISC1 has no document id list !
2021-05-24 13:48:56,502 [WARN] DbBoards:127 - board STM32G0C1E-EV has no document id list !
2021-05-24 13:48:56,503 [WARN] DbBoards:127 - board STM32G474E-EVAL1 has no document id list !
2021-05-24 13:48:56,505 [WARN] DbBoards:127 - board STM32H743I-EVAL2 has no document id list !
2021-05-24 13:48:56,506 [WARN] DbBoards:127 - board STM32H747I-DISC1 has no document id list !
2021-05-24 13:48:56,507 [WARN] DbBoards:127 - board STM32H753I-EVAL2 has no document id list !
2021-05-24 13:48:56,507 [WARN] DbBoards:127 - board STM32L-DISCOVERY has no document id list !
2021-05-24 13:48:56,509 [WARN] DbBoards:127 - board STM32MP157A-DK1 has no document id list !
2021-05-24 13:48:56,510 [WARN] DbBoards:127 - board STM32MP157F-DK2 has no document id list !
2021-05-24 13:48:56,510 [WARN] DbBoards:127 - board STM32MP157F-EV1 has no document id list !
2021-05-24 13:48:56,510 [WARN] DbBoards:127 - board STM32WB5MM-DK has no document id list !
2021-05-24 13:48:58,517 [INFO] ApiDb:251 - Load user favorites file /home/nomad/.stm32cubeide/favorites.boards.txt: 0 item(s)
2021-05-24 13:48:58,518 [INFO] ApiDb:255 - User favorites Boards=[]
2021-05-24 13:48:58,518 [INFO] DbBoards:206 - Set 0 / 0 favorites Boards
2021-05-24 13:49:18,519 [INFO] DbMcusDocs:143 - JSON generation date=Mon Feb 08 20:35:07 ICT 2021 (1612791307)
2021-05-24 13:49:19,026 [INFO] DbMcusDocs:79 - Found 617 MCUs documents
2021-05-24 13:49:52,887 [INFO] MainUpdater:2661 - connection check result : 10
2021-05-24 13:49:52,888 [INFO] MainUpdater:2661 - connection check result : 10
2021-05-24 13:49:53,029 [INFO] MicroXplorer:442 - Change Database Path : 
2021-05-24 13:49:53,030 [INFO] MicroXplorer:472 - Change Database Version : DB.6.0.21
2021-05-24 13:49:53,031 [WARN] ThirdParty:796 - waiting for thirdparty lock release [close project]
2021-05-24 13:49:53,031 [INFO] ThirdParty:798 - entering critical section [close project]
2021-05-24 13:49:53,031 [INFO] ThirdParty:809 - exiting critical section [close project]
2021-05-24 13:49:53,033 [INFO] PinOutPanel:1435 - setPackage(No Configuration,No Configuration)
2021-05-24 13:49:53,035 [INFO] UtilMem:74 - Begin LoadConfig() Used Memory: 388361008 Bytes (509607936)
2021-05-24 13:49:53,039 [INFO] MicroXplorer:442 - Change Database Path : 
2021-05-24 13:49:53,039 [INFO] MicroXplorer:472 - Change Database Version : DB.6.0.21
2021-05-24 13:49:53,040 [INFO] OpenFileManager:303 - Change cursor
2021-05-24 13:49:53,063 [WARN] IntegrityCheckThread:59 - waiting for thirdparty lock release [integrity check]
2021-05-24 13:49:53,063 [INFO] IntegrityCheckThread:61 - entering critical section [integrity check]
2021-05-24 13:49:53,241 [WARN] PackLoader:226 - Cannot read IP mode file for RoweBots.I-CUBE-UNISONRTOS.5.5.0-4
2021-05-24 13:49:53,275 [WARN] PackLoader:226 - Cannot read IP mode file for STMicroelectronics.X-CUBE-SFXS2LP1.3.0.0
2021-05-24 13:49:53,316 [WARN] PackLoader:226 - Cannot read IP mode file for STMicroelectronics.X-CUBE-SUBG2.4.1.0
2021-05-24 13:49:53,336 [WARN] PackLoader:226 - Cannot read IP mode file for STMicroelectronics.X-CUBE-EEPRMA1.3.0.0
2021-05-24 13:49:53,435 [WARN] PackLoader:226 - Cannot read IP mode file for SEGGER.I-CUBE-embOS.1.2.0
2021-05-24 13:49:53,626 [WARN] PackLoader:226 - Cannot read IP mode file for STMicroelectronics.X-CUBE-BLE1.6.2.0
2021-05-24 13:49:53,654 [WARN] PackLoader:226 - Cannot read IP mode file for STMicroelectronics.X-CUBE-NFC4.2.0.2
2021-05-24 13:49:53,672 [WARN] PackLoader:226 - Cannot read IP mode file for STMicroelectronics.X-CUBE-BLE2.3.2.0
2021-05-24 13:49:53,694 [WARN] PackLoader:226 - Cannot read IP mode file for STMicroelectronics.X-CUBE-TOF1.1.0.0
2021-05-24 13:49:53,767 [WARN] PackLoader:226 - Cannot read IP mode file for STMicroelectronics.X-CUBE-AZRTOS-H7.1.0.0
2021-05-24 13:49:53,884 [WARN] PackLoader:226 - Cannot read IP mode file for STMicroelectronics.X-CUBE-MEMS1.8.3.0
2021-05-24 13:49:54,214 [WARN] PackLoader:226 - Cannot read IP mode file for STMicroelectronics.X-CUBE-DISPLAY.1.0.0
2021-05-24 13:49:54,229 [WARN] PackLoader:226 - Cannot read IP mode file for STMicroelectronics.X-CUBE-AI.6.0.0
2021-05-24 13:49:54,244 [WARN] PackLoader:226 - Cannot read IP mode file for STMicroelectronics.X-CUBE-ALGOBUILD.1.2.0
2021-05-24 13:49:54,295 [WARN] PackLoader:226 - Cannot read IP mode file for STMicroelectronics.X-CUBE-GNSS1.5.2.0
2021-05-24 13:49:54,300 [WARN] PackLoader:226 - Cannot read IP mode file for wolfSSL.I-CUBE-wolfSSL.4.7.0
2021-05-24 13:49:54,303 [WARN] PackLoader:226 - Cannot read IP mode file for STMicroelectronics.X-CUBE-TOUCHGFX.4.16.1
2021-05-24 13:49:54,303 [INFO] ThirdParty:900 - Integrity check success = true
2021-05-24 13:49:54,304 [INFO] IntegrityCheckThread:75 - exiting critical section [integrity check]
2021-05-24 13:49:54,304 [INFO] IntegrityCheckThread:78 - End integrity checks thread
2021-05-24 13:49:57,092 [INFO] Context:587 - Trying to add GPIOservice into a context  which must be forbidden
2021-05-24 13:49:57,830 [INFO] ImportTextPane:162 - (OptionalMessage_ERROR) Unable to find key (Mcu.ThirdPartyNb) in loaded IOC file
2021-05-24 13:49:57,830 [INFO] ImportTextPane:162 - (OptionalMessage_ERROR) Unable to find key (Mcu.PinsNb) in loaded IOC file
2021-05-24 13:49:57,830 [INFO] ImportTextPane:162 - (OptionalMessage_ERROR) Unable to find key (Mcu.IPNb) in loaded IOC file
2021-05-24 13:49:57,956 [WARN] ApiManager:294 - Cannot register API 'Board Extension:S2868A1' from pack STMicroelectronics.X-CUBE-SFXS2LP1.3.0.0: no header file found
2021-05-24 13:49:57,956 [WARN] ApiManager:294 - Cannot register API 'Board Extension:S2868A2' from pack STMicroelectronics.X-CUBE-SFXS2LP1.3.0.0: no header file found
2021-05-24 13:49:57,975 [WARN] ApiManager:294 - Cannot register API 'Board Extension:S2915A1' from pack STMicroelectronics.X-CUBE-SFXS2LP1.3.0.0: no header file found
2021-05-24 13:49:57,982 [WARN] ModelIntegratedComponent:51 - No mode defined for component null
2021-05-24 13:49:57,982 [WARN] ModelIntegratedComponent:51 - No mode defined for component null
2021-05-24 13:49:57,982 [WARN] ModelIntegratedComponent:51 - No mode defined for component null
2021-05-24 13:49:57,983 [WARN] ModelIntegratedComponent:51 - No mode defined for component null
2021-05-24 13:49:57,983 [WARN] ModelIntegratedComponent:51 - No mode defined for component null
2021-05-24 13:49:57,983 [WARN] ModelIntegratedComponent:51 - No mode defined for component null
2021-05-24 13:49:57,983 [WARN] ModelIntegratedComponent:51 - No mode defined for component null
2021-05-24 13:49:57,984 [WARN] ModelIntegratedComponent:51 - No mode defined for component null
2021-05-24 13:49:57,984 [WARN] ModelIntegratedComponent:51 - No mode defined for component null
2021-05-24 13:49:57,984 [WARN] ModelIntegratedComponent:51 - No mode defined for component null
2021-05-24 13:49:57,985 [WARN] ModelIntegratedComponent:51 - No mode defined for component null
2021-05-24 13:49:57,985 [WARN] ModelIntegratedComponent:51 - No mode defined for component null
2021-05-24 13:49:57,985 [WARN] ModelIntegratedComponent:51 - No mode defined for component null
2021-05-24 13:49:57,985 [WARN] ModelIntegratedComponent:51 - No mode defined for component null
2021-05-24 13:49:57,986 [WARN] ModelIntegratedComponent:51 - No mode defined for component null
2021-05-24 13:49:57,986 [WARN] ModelIntegratedComponent:51 - No mode defined for component null
2021-05-24 13:49:57,986 [WARN] ModelIntegratedComponent:51 - No mode defined for component null
2021-05-24 13:49:57,989 [WARN] ModelIntegratedComponent:51 - No mode defined for component null
2021-05-24 13:49:57,990 [WARN] ModelIntegratedComponent:51 - No mode defined for component null
2021-05-24 13:49:57,991 [WARN] ModelIntegratedComponent:51 - No mode defined for component null
2021-05-24 13:49:57,991 [WARN] ModelIntegratedComponent:51 - No mode defined for component null
2021-05-24 13:49:57,992 [WARN] ModelIntegratedComponent:51 - No mode defined for component null
2021-05-24 13:49:57,992 [WARN] ModelIntegratedComponent:51 - No mode defined for component null
2021-05-24 13:49:57,993 [WARN] ModelIntegratedComponent:51 - No mode defined for component null
2021-05-24 13:49:57,993 [WARN] ModelIntegratedComponent:51 - No mode defined for component null
2021-05-24 13:49:57,993 [WARN] ModelIntegratedComponent:51 - No mode defined for component null
2021-05-24 13:49:57,993 [WARN] ModelIntegratedComponent:51 - No mode defined for component null
2021-05-24 13:49:58,012 [WARN] ApiManager:294 - Cannot register API 'Board Extension:S2868A1' from pack STMicroelectronics.X-CUBE-SUBG2.4.1.0: no header file found
2021-05-24 13:49:58,012 [WARN] ApiManager:294 - Cannot register API 'Board Extension:S2868A2' from pack STMicroelectronics.X-CUBE-SUBG2.4.1.0: no header file found
2021-05-24 13:49:58,013 [WARN] ApiManager:294 - Cannot register API 'Board Extension:S2915A1' from pack STMicroelectronics.X-CUBE-SUBG2.4.1.0: no header file found
2021-05-24 13:49:58,029 [WARN] ApiManager:294 - Cannot register API 'Board Extension:EEPRMA1' from pack STMicroelectronics.X-CUBE-EEPRMA1.3.0.0: no header file found
2021-05-24 13:49:58,030 [WARN] ApiManager:294 - Cannot register API 'Board Extension:EEPRMA2' from pack STMicroelectronics.X-CUBE-EEPRMA1.3.0.0: no header file found
2021-05-24 13:49:58,299 [WARN] ApiManager:294 - Cannot register API 'Board Extension:IKS01A3' from pack STMicroelectronics.X-CUBE-MEMS1.8.3.0: no header file found
2021-05-24 13:49:58,299 [WARN] ApiManager:294 - Cannot register API 'Board Extension:IKS01A2' from pack STMicroelectronics.X-CUBE-MEMS1.8.3.0: no header file found
2021-05-24 13:49:58,299 [WARN] ApiManager:294 - Cannot register API 'Board Extension:IKS02A1' from pack STMicroelectronics.X-CUBE-MEMS1.8.3.0: no header file found
2021-05-24 13:49:58,316 [INFO] RtosManager:470 - Registered RTOS mode: class=CMSIS, group=RTOS, mode=CMSIS_V1, owner=FREERTOS
2021-05-24 13:49:58,317 [INFO] RtosManager:470 - Registered RTOS mode: class=CMSIS, group=RTOS2, mode=CMSIS_V2, owner=FREERTOS
2021-05-24 13:49:58,317 [INFO] RtosManager:470 - Registered RTOS mode: class=RTOS, group=Core, mode=CMSIS_V1, owner=FREERTOS
2021-05-24 13:49:58,318 [INFO] RtosManager:470 - Registered RTOS mode: class=RTOS, group=Core, mode=CMSIS_V2, owner=FREERTOS
2021-05-24 13:49:58,318 [WARN] ModelIntegratedComponent:182 - Missing modes for component STMicroelectronics:FreeRTOS:0.0.1:STMicroelectronics:RTOS:FreeRTOS:Core:::10.2.0:
2021-05-24 13:49:58,319 [WARN] ModelIntegratedComponent:180 - Modes not found for component STMicroelectronics:USB_DEVICE:1.0.0:STMicroelectronics:USB::USB Device:Audio HS::1.0:USB_DEVICE_1_0_RESTRICTED_HS
2021-05-24 13:49:58,319 [WARN] ModelIntegratedComponent:186 - Modes not found for component STMicroelectronics:USB_DEVICE:1.0.0:STMicroelectronics:USB::USB Device:Audio HS::1.0:USB_DEVICE_1_0_RESTRICTED_HS
2021-05-24 13:49:58,320 [WARN] ModelIntegratedComponent:180 - Modes not found for component STMicroelectronics:USB_DEVICE:1.0.0:STMicroelectronics:USB::USB Device:CDC HS::1.0:USB_DEVICE_1_0_RESTRICTED_HS
2021-05-24 13:49:58,320 [WARN] ModelIntegratedComponent:186 - Modes not found for component STMicroelectronics:USB_DEVICE:1.0.0:STMicroelectronics:USB::USB Device:CDC HS::1.0:USB_DEVICE_1_0_RESTRICTED_HS
2021-05-24 13:49:58,320 [WARN] ModelIntegratedComponent:180 - Modes not found for component STMicroelectronics:USB_DEVICE:1.0.0:STMicroelectronics:USB::USB Device:DFU HS::1.0:USB_DEVICE_1_0_RESTRICTED_HS
2021-05-24 13:49:58,320 [WARN] ModelIntegratedComponent:186 - Modes not found for component STMicroelectronics:USB_DEVICE:1.0.0:STMicroelectronics:USB::USB Device:DFU HS::1.0:USB_DEVICE_1_0_RESTRICTED_HS
2021-05-24 13:49:58,321 [WARN] ModelIntegratedComponent:180 - Modes not found for component STMicroelectronics:USB_DEVICE:1.0.0:STMicroelectronics:USB::USB Device:HID HS::1.0:USB_DEVICE_1_0_RESTRICTED_HS
2021-05-24 13:49:58,321 [WARN] ModelIntegratedComponent:186 - Modes not found for component STMicroelectronics:USB_DEVICE:1.0.0:STMicroelectronics:USB::USB Device:HID HS::1.0:USB_DEVICE_1_0_RESTRICTED_HS
2021-05-24 13:49:58,321 [WARN] ModelIntegratedComponent:180 - Modes not found for component STMicroelectronics:USB_DEVICE:1.0.0:STMicroelectronics:USB::USB Device:Custom HID HS::1.0:USB_DEVICE_1_0_RESTRICTED_HS
2021-05-24 13:49:58,321 [WARN] ModelIntegratedComponent:186 - Modes not found for component STMicroelectronics:USB_DEVICE:1.0.0:STMicroelectronics:USB::USB Device:Custom HID HS::1.0:USB_DEVICE_1_0_RESTRICTED_HS
2021-05-24 13:49:58,321 [WARN] ModelIntegratedComponent:180 - Modes not found for component STMicroelectronics:USB_DEVICE:1.0.0:STMicroelectronics:USB::USB Device:MSC HS::1.0:USB_DEVICE_1_0_RESTRICTED_HS
2021-05-24 13:49:58,321 [WARN] ModelIntegratedComponent:186 - Modes not found for component STMicroelectronics:USB_DEVICE:1.0.0:STMicroelectronics:USB::USB Device:MSC HS::1.0:USB_DEVICE_1_0_RESTRICTED_HS
2021-05-24 13:49:58,341 [WARN] ApiManager:294 - Cannot register API 'Board Extension:GNSS1A1' from pack STMicroelectronics.X-CUBE-GNSS1.5.2.0: no header file found
2021-05-24 13:49:58,342 [WARN] ApiManager:294 - Cannot register API 'Board Support:Custom' from pack STMicroelectronics.X-CUBE-GNSS1.5.2.0: no header file found
2021-05-24 13:49:58,342 [WARN] ApiManager:294 - Cannot register API 'Data Exchange:lib_gnss' from pack STMicroelectronics.X-CUBE-GNSS1.5.2.0: no header file found
2021-05-24 13:49:58,345 [WARN] ApiManager:294 - Cannot register API 'Wireless:BlueNRG-MS' from pack STMicroelectronics.X-CUBE-BLE1.6.2.0: no header file found
2021-05-24 13:49:58,346 [WARN] ModelIntegratedComponent:180 - Modes not found for component STMicroelectronics:USB_HOST:1.0.0:STMicroelectronics:USB::USB Host:Audio HS::1.0:USB_HOST_1_0_RESTRICTED_HS
2021-05-24 13:49:58,346 [WARN] ModelIntegratedComponent:186 - Modes not found for component STMicroelectronics:USB_HOST:1.0.0:STMicroelectronics:USB::USB Host:Audio HS::1.0:USB_HOST_1_0_RESTRICTED_HS
2021-05-24 13:49:58,347 [WARN] ModelIntegratedComponent:180 - Modes not found for component STMicroelectronics:USB_HOST:1.0.0:STMicroelectronics:USB::USB Host:CDC HS::1.0:USB_HOST_1_0_RESTRICTED_HS
2021-05-24 13:49:58,347 [WARN] ModelIntegratedComponent:186 - Modes not found for component STMicroelectronics:USB_HOST:1.0.0:STMicroelectronics:USB::USB Host:CDC HS::1.0:USB_HOST_1_0_RESTRICTED_HS
2021-05-24 13:49:58,347 [WARN] ModelIntegratedComponent:180 - Modes not found for component STMicroelectronics:USB_HOST:1.0.0:STMicroelectronics:USB::USB Host:MSC HS::1.0:USB_HOST_1_0_RESTRICTED_HS
2021-05-24 13:49:58,347 [WARN] ModelIntegratedComponent:186 - Modes not found for component STMicroelectronics:USB_HOST:1.0.0:STMicroelectronics:USB::USB Host:MSC HS::1.0:USB_HOST_1_0_RESTRICTED_HS
2021-05-24 13:49:58,347 [WARN] ModelIntegratedComponent:180 - Modes not found for component STMicroelectronics:USB_HOST:1.0.0:STMicroelectronics:USB::USB Host:HID HS::1.0:USB_HOST_1_0_RESTRICTED_HS
2021-05-24 13:49:58,347 [WARN] ModelIntegratedComponent:186 - Modes not found for component STMicroelectronics:USB_HOST:1.0.0:STMicroelectronics:USB::USB Host:HID HS::1.0:USB_HOST_1_0_RESTRICTED_HS
2021-05-24 13:49:58,347 [WARN] ModelIntegratedComponent:180 - Modes not found for component STMicroelectronics:USB_HOST:1.0.0:STMicroelectronics:USB::USB Host:MTP HS::1.0:USB_HOST_1_0_RESTRICTED_HS
2021-05-24 13:49:58,348 [WARN] ModelIntegratedComponent:186 - Modes not found for component STMicroelectronics:USB_HOST:1.0.0:STMicroelectronics:USB::USB Host:MTP HS::1.0:USB_HOST_1_0_RESTRICTED_HS
2021-05-24 13:49:58,349 [WARN] ApiManager:294 - Cannot register API 'Board Extension:NFC04A1' from pack STMicroelectronics.X-CUBE-NFC4.2.0.2: no header file found
2021-05-24 13:49:58,351 [WARN] ApiManager:294 - Cannot register API 'Wireless:BlueNRG-2' from pack STMicroelectronics.X-CUBE-BLE2.3.2.0: no header file found
2021-05-24 13:49:59,494 [INFO] UtilMem:74 - End LoadConfig() Used Memory: 348455120 Bytes (509607936)
2021-05-24 13:49:59,498 [WARN] ThirdParty:762 - waiting for thirdparty lock release [change project]
2021-05-24 13:49:59,498 [INFO] ThirdParty:764 - entering critical section [change project]
2021-05-24 13:49:59,499 [INFO] ThirdParty:952 - CMSIS Pack Vendor :RoweBots I-CUBE-UNISONRTOS 5.5.0-4
2021-05-24 13:49:59,499 [INFO] ThirdParty:952 - CMSIS Pack Vendor :STMicroelectronics X-CUBE-SFXS2LP1 3.0.0
2021-05-24 13:49:59,499 [INFO] ThirdParty:952 - CMSIS Pack Vendor :STMicroelectronics USB_HOST 2.0.0
2021-05-24 13:49:59,499 [INFO] ThirdParty:952 - CMSIS Pack Vendor :STMicroelectronics USB_DEVICE 3.0.0
2021-05-24 13:49:59,499 [INFO] ThirdParty:952 - CMSIS Pack Vendor :STMicroelectronics HAL Drivers 0.0.0
2021-05-24 13:49:59,499 [INFO] ThirdParty:952 - CMSIS Pack Vendor :STMicroelectronics MBEDTLS 2.16.2
2021-05-24 13:49:59,499 [INFO] ThirdParty:952 - CMSIS Pack Vendor :STMicroelectronics MBEDTLS 2.14.1
2021-05-24 13:49:59,499 [INFO] ThirdParty:952 - CMSIS Pack Vendor :STMicroelectronics X-CUBE-SUBG2 4.1.0
2021-05-24 13:49:59,499 [INFO] ThirdParty:952 - CMSIS Pack Vendor :STMicroelectronics X-CUBE-TOF1 1.0.0
2021-05-24 13:49:59,499 [INFO] ThirdParty:952 - CMSIS Pack Vendor :STMicroelectronics X-CUBE-AZRTOS-H7 1.0.0
2021-05-24 13:49:59,500 [INFO] ThirdParty:952 - CMSIS Pack Vendor :STMicroelectronics USB_DEVICE 2.0.0
2021-05-24 13:49:59,500 [INFO] ThirdParty:952 - CMSIS Pack Vendor :STMicroelectronics X-CUBE-EEPRMA1 3.0.0
2021-05-24 13:49:59,500 [INFO] ThirdParty:952 - CMSIS Pack Vendor :STMicroelectronics X-CUBE-MEMS1 8.3.0
2021-05-24 13:49:59,500 [INFO] ThirdParty:952 - CMSIS Pack Vendor :STMicroelectronics X-CUBE-DISPLAY 1.0.0
2021-05-24 13:49:59,500 [INFO] ThirdParty:952 - CMSIS Pack Vendor :STMicroelectronics FreeRTOS 0.0.1
2021-05-24 13:49:59,500 [INFO] ThirdParty:952 - CMSIS Pack Vendor :STMicroelectronics USB_DEVICE 1.0.0
2021-05-24 13:49:59,501 [INFO] ThirdParty:952 - CMSIS Pack Vendor :STMicroelectronics X-CUBE-AI 6.0.0
2021-05-24 13:49:59,501 [INFO] ThirdParty:952 - CMSIS Pack Vendor :SEGGER I-CUBE-embOS 1.2.0
2021-05-24 13:49:59,501 [INFO] ThirdParty:952 - CMSIS Pack Vendor :STMicroelectronics X-CUBE-ALGOBUILD 1.2.0
2021-05-24 13:49:59,501 [INFO] ThirdParty:952 - CMSIS Pack Vendor :STMicroelectronics X-CUBE-GNSS1 5.2.0
2021-05-24 13:49:59,501 [INFO] ThirdParty:952 - CMSIS Pack Vendor :STMicroelectronics lwIP 2.0.3
2021-05-24 13:49:59,501 [INFO] ThirdParty:952 - CMSIS Pack Vendor :STMicroelectronics lwIP 2.1.2
2021-05-24 13:49:59,501 [INFO] ThirdParty:952 - CMSIS Pack Vendor :STMicroelectronics X-CUBE-BLE1 6.2.0
2021-05-24 13:49:59,502 [INFO] ThirdParty:952 - CMSIS Pack Vendor :STMicroelectronics USB_HOST 1.0.0
2021-05-24 13:49:59,502 [INFO] ThirdParty:952 - CMSIS Pack Vendor :STMicroelectronics X-CUBE-NFC4 2.0.2
2021-05-24 13:49:59,502 [INFO] ThirdParty:952 - CMSIS Pack Vendor :wolfSSL I-CUBE-wolfSSL 4.7.0
2021-05-24 13:49:59,502 [INFO] ThirdParty:952 - CMSIS Pack Vendor :STMicroelectronics X-CUBE-TOUCHGFX 4.16.1
2021-05-24 13:49:59,502 [INFO] ThirdParty:952 - CMSIS Pack Vendor :STMicroelectronics PDM2PCM 3.1.0
2021-05-24 13:49:59,502 [INFO] ThirdParty:952 - CMSIS Pack Vendor :STMicroelectronics PDM2PCM 3.2.0
2021-05-24 13:49:59,502 [INFO] ThirdParty:952 - CMSIS Pack Vendor :STMicroelectronics PDM2PCM 3.3.0
2021-05-24 13:49:59,503 [INFO] ThirdParty:952 - CMSIS Pack Vendor :STMicroelectronics X-CUBE-BLE2 3.2.0
2021-05-24 13:49:59,503 [INFO] ThirdParty:770 - exiting critical section [change project]
2021-05-24 13:50:00,170 [INFO] PinOutPanel:1435 - setPackage(No Configuration,No Configuration)
2021-05-24 13:50:00,175 [INFO] PinOutPanel:1435 - setPackage(STM32F411VETx,LQFP100)
2021-05-24 13:50:01,068 [INFO] UtilMem:74 - Before build in PCC Used Memory: 416612560 Bytes (509607936)
2021-05-24 13:50:01,805 [INFO] SharedServices:72 - Folder for power plug-in: /home/nomad/.stm32cubemx/plugins/power
2021-05-24 13:50:01,893 [INFO] SharedServices:72 - Folder for power plug-in: /home/nomad/.stm32cubemx/plugins/power
2021-05-24 13:50:01,964 [INFO] SharedServices:72 - Folder for power plug-in: /home/nomad/.stm32cubemx/plugins/power
2021-05-24 13:50:01,976 [INFO] SharedServices:72 - Folder for power plug-in: /home/nomad/.stm32cubemx/plugins/power
2021-05-24 13:50:02,217 [INFO] UtilMem:74 - After build in PCC Used Memory: 335479632 Bytes (509607936)
2021-05-24 13:50:02,263 [INFO] IPUIPlugin:64 - create IPUIPlugin
2021-05-24 13:50:02,263 [INFO] IPUIPlugin:64 - create IPUIPlugin
2021-05-24 13:50:02,263 [INFO] IPUIPlugin:64 - create IPUIPlugin
2021-05-24 13:50:02,264 [INFO] IPUIPlugin:64 - create IPUIPlugin
2021-05-24 13:50:02,264 [INFO] IPUIPlugin:64 - create IPUIPlugin
2021-05-24 13:50:02,264 [INFO] IPUIPlugin:64 - create IPUIPlugin
2021-05-24 13:50:02,265 [INFO] IPUIPlugin:64 - create IPUIPlugin
2021-05-24 13:50:02,265 [INFO] IPUIPlugin:64 - create IPUIPlugin
2021-05-24 13:50:02,265 [INFO] IPUIPlugin:64 - create IPUIPlugin
2021-05-24 13:50:02,266 [INFO] IPUIPlugin:64 - create IPUIPlugin
2021-05-24 13:50:02,266 [INFO] IPUIPlugin:64 - create IPUIPlugin
2021-05-24 13:50:02,267 [INFO] IPUIPlugin:64 - create IPUIPlugin
2021-05-24 13:50:02,267 [INFO] IPUIPlugin:64 - create IPUIPlugin
2021-05-24 13:50:02,268 [INFO] IPUIPlugin:64 - create IPUIPlugin
2021-05-24 13:50:02,269 [INFO] IPUIPlugin:64 - create IPUIPlugin
2021-05-24 13:50:02,273 [INFO] IPUIPlugin:64 - create IPUIPlugin
2021-05-24 13:50:02,274 [INFO] IPUIPlugin:64 - create IPUIPlugin
2021-05-24 13:50:02,275 [INFO] IPUIPlugin:64 - create IPUIPlugin
2021-05-24 13:50:02,275 [INFO] IPUIPlugin:64 - create IPUIPlugin
2021-05-24 13:50:02,277 [INFO] IPUIPlugin:64 - create IPUIPlugin
2021-05-24 13:50:02,277 [INFO] IPUIPlugin:64 - create IPUIPlugin
2021-05-24 13:50:02,278 [INFO] IPUIPlugin:64 - create IPUIPlugin
2021-05-24 13:50:02,279 [INFO] IPUIPlugin:64 - create IPUIPlugin
2021-05-24 13:50:02,279 [INFO] IPUIPlugin:64 - create IPUIPlugin
2021-05-24 13:50:02,280 [INFO] IPUIPlugin:64 - create IPUIPlugin
2021-05-24 13:50:02,280 [INFO] IPUIPlugin:64 - create IPUIPlugin
2021-05-24 13:50:02,281 [INFO] IPUIPlugin:64 - create IPUIPlugin
2021-05-24 13:50:02,282 [INFO] IPUIPlugin:64 - create IPUIPlugin
2021-05-24 13:50:02,282 [INFO] IPUIPlugin:64 - create IPUIPlugin
2021-05-24 13:50:02,283 [INFO] IPUIPlugin:64 - create IPUIPlugin
2021-05-24 13:50:02,283 [INFO] IPUIPlugin:64 - create IPUIPlugin
2021-05-24 13:50:02,284 [INFO] IPUIPlugin:64 - create IPUIPlugin
2021-05-24 13:50:02,284 [INFO] IPUIPlugin:64 - create IPUIPlugin
2021-05-24 13:50:02,285 [INFO] IPUIPlugin:64 - create IPUIPlugin
2021-05-24 13:50:02,285 [INFO] IPUIPlugin:64 - create IPUIPlugin
2021-05-24 13:50:02,286 [INFO] IPUIPlugin:64 - create IPUIPlugin
2021-05-24 13:50:02,286 [INFO] IPUIPlugin:64 - create IPUIPlugin
2021-05-24 13:50:02,287 [INFO] IPUIPlugin:64 - create IPUIPlugin
2021-05-24 13:50:02,287 [INFO] IPUIPlugin:64 - create IPUIPlugin
2021-05-24 13:50:02,289 [INFO] IPUIPlugin:64 - create IPUIPlugin
2021-05-24 13:50:02,290 [INFO] IPUIPlugin:64 - create IPUIPlugin
2021-05-24 13:50:02,291 [INFO] IPUIPlugin:64 - create IPUIPlugin
2021-05-24 13:50:02,292 [INFO] IPUIPlugin:64 - create IPUIPlugin
2021-05-24 13:50:02,344 [INFO] ApiDbMcu:458 - Load IP Config File for PDM2PCM
2021-05-24 13:50:02,385 [INFO] LogOutputStream:76 - [STDOUT_REDIRECT] toolchainItems.length=====1
2021-05-24 13:50:02,535 [INFO] OpenFileManager:323 - Restore cursor
2021-05-24 13:50:03,147 [INFO] UtilMem:74 - End SaveConfig() Used Memory: 384846808 Bytes (509607936)
2021-05-24 13:50:03,263 [INFO] UtilMem:74 - End SaveConfig() Used Memory: 390527824 Bytes (509607936)
2021-05-24 13:50:04,183 [INFO] BlockDiagram:2735 - set Specific Code input for plugin: NVIC
2021-05-24 13:50:04,183 [INFO] BlockDiagram:2735 - set Specific Code input for plugin: SYS
2021-05-24 13:50:04,184 [INFO] BlockDiagram:2735 - set Specific Code input for plugin: RCC
2021-05-24 13:50:04,185 [INFO] CodeGenerator:641 - code generatio: config db path: /home/nomad/st/stm32cubeide_1.6.1/plugins/com.st.stm32cube.common.mx_6.2.1.202103241236//db/
2021-05-24 13:50:04,844 [INFO] CodeEngine:229 - oldGeneratedFile, /home/nomad/Documents/Project/STM32F411VE/ProjectCubeIDE/whiteroom/MXTmpFiles/license.tmp_save
2021-05-24 13:50:05,878 [INFO] CodeEngine:247 - Generated code: /home/nomad/Documents/Project/STM32F411VE/ProjectCubeIDE/whiteroom/MXTmpFiles/license.tmp
2021-05-24 13:50:06,095 [INFO] CodeEngine:229 - oldGeneratedFile, /home/nomad/Documents/Project/STM32F411VE/ProjectCubeIDE/whiteroom/Core/Src/stm32f4xx_it.c_save
2021-05-24 13:50:06,509 [INFO] CodeEngine:247 - Generated code: /home/nomad/Documents/Project/STM32F411VE/ProjectCubeIDE/whiteroom/Core/Src/stm32f4xx_it.c
2021-05-24 13:50:06,510 [INFO] CodeEngine:229 - oldGeneratedFile, /home/nomad/Documents/Project/STM32F411VE/ProjectCubeIDE/whiteroom/Core/Inc/stm32f4xx_it.h_save
2021-05-24 13:50:06,662 [INFO] CodeEngine:247 - Generated code: /home/nomad/Documents/Project/STM32F411VE/ProjectCubeIDE/whiteroom/Core/Inc/stm32f4xx_it.h
2021-05-24 13:50:06,668 [INFO] CodeEngine:229 - oldGeneratedFile, /home/nomad/Documents/Project/STM32F411VE/ProjectCubeIDE/whiteroom/Core/Src/stm32f4xx_hal_msp.c_save
2021-05-24 13:50:06,997 [INFO] CodeEngine:247 - Generated code: /home/nomad/Documents/Project/STM32F411VE/ProjectCubeIDE/whiteroom/Core/Src/stm32f4xx_hal_msp.c
2021-05-24 13:50:06,999 [INFO] CodeEngine:229 - oldGeneratedFile, /home/nomad/Documents/Project/STM32F411VE/ProjectCubeIDE/whiteroom/MXTmpFiles/system.tmp_save
2021-05-24 13:50:07,131 [INFO] CodeEngine:247 - Generated code: /home/nomad/Documents/Project/STM32F411VE/ProjectCubeIDE/whiteroom/MXTmpFiles/system.tmp
2021-05-24 13:50:07,135 [INFO] CodeEngine:229 - oldGeneratedFile, /home/nomad/Documents/Project/STM32F411VE/ProjectCubeIDE/whiteroom/Core/Inc/stm32f4xx_hal_conf.h_save
2021-05-24 13:50:07,345 [INFO] CodeEngine:247 - Generated code: /home/nomad/Documents/Project/STM32F411VE/ProjectCubeIDE/whiteroom/Core/Inc/stm32f4xx_hal_conf.h
2021-05-24 13:50:07,426 [INFO] CodeEngine:229 - oldGeneratedFile, /home/nomad/Documents/Project/STM32F411VE/ProjectCubeIDE/whiteroom/Core/Inc/main.h_save
2021-05-24 13:50:07,605 [INFO] CodeEngine:247 - Generated code: /home/nomad/Documents/Project/STM32F411VE/ProjectCubeIDE/whiteroom/Core/Inc/main.h
2021-05-24 13:50:07,609 [INFO] CodeEngine:229 - oldGeneratedFile, /home/nomad/Documents/Project/STM32F411VE/ProjectCubeIDE/whiteroom/Core/Src/main.c_save
2021-05-24 13:50:07,812 [INFO] CodeEngine:247 - Generated code: /home/nomad/Documents/Project/STM32F411VE/ProjectCubeIDE/whiteroom/Core/Src/main.c
2021-05-24 13:50:09,264 [INFO] ProjectBuilder:2460 - Time for Copy HAL[1] : 29mS.
2021-05-24 13:50:09,275 [INFO] ProjectBuilder:3418 - Project Generator version: 3.13.0-B3
2021-05-24 13:50:10,354 [INFO] ConfigFileManager:1242 - The Die is : DIE431
2021-05-24 13:50:10,388 [INFO] ApiDbMcu:458 - Load IP Config File for FATFS
2021-05-24 13:50:10,460 [INFO] ApiDbMcu:458 - Load IP Config File for FREERTOS
2021-05-24 13:50:10,473 [INFO] ApiDbMcu:458 - Load IP Config File for LIBJPEG
2021-05-24 13:50:10,563 [INFO] ApiDbMcu:458 - Load IP Config File for MBEDTLS
2021-05-24 13:50:10,636 [INFO] ApiDbMcu:458 - Load IP Config File for USB_DEVICE
2021-05-24 13:50:10,658 [INFO] ApiDbMcu:458 - Load IP Config File for USB_HOST
2021-05-24 13:50:19,493 [INFO] ProjectBuilder:3584 - Time for Generating toolchain IDE Files: 10218mS.
2021-05-24 13:50:19,494 [INFO] ProjectBuilder:2339 - Time for Copy CMSIS : 0mS.
2021-05-24 13:50:19,495 [INFO] ProjectBuilder:2339 - Time for Copy CMSIS : 0mS.
2021-05-24 13:50:20,400 [INFO] ApiDb:276 - Save user favorites file /home/nomad/.stm32cubeide/favorites.mcus.txt: 0 item(s)
2021-05-24 13:50:20,400 [INFO] ApiDb:280 - User favorites MCUs=[]
2021-05-24 13:51:18,541 [WARN] IP:2088 - I2C_Coeff_DF not found: check if there is a RefParameter without a condition.
2021-05-24 13:51:18,542 [WARN] IP:2088 - Analog_Filter not found: check if there is a RefParameter without a condition.
2021-05-24 13:51:18,575 [WARN] IP:2088 - I2C_Coeff_DF not found: check if there is a RefParameter without a condition.
2021-05-24 13:51:18,575 [WARN] IP:2088 - Analog_Filter not found: check if there is a RefParameter without a condition.
2021-05-24 13:51:18,577 [WARN] IP:2088 - I2C_Coeff_DF not found: check if there is a RefParameter without a condition.
2021-05-24 13:51:18,577 [WARN] IP:2088 - Analog_Filter not found: check if there is a RefParameter without a condition.
2021-05-24 13:51:18,695 [WARN] IP:2088 - I2C_Coeff_DF not found: check if there is a RefParameter without a condition.
2021-05-24 13:51:18,695 [WARN] IP:2088 - Analog_Filter not found: check if there is a RefParameter without a condition.
2021-05-24 13:51:18,697 [WARN] IP:2088 - I2C_Coeff_DF not found: check if there is a RefParameter without a condition.
2021-05-24 13:51:18,697 [WARN] IP:2088 - Analog_Filter not found: check if there is a RefParameter without a condition.
2021-05-24 13:51:18,706 [WARN] IP:2088 - I2C_Coeff_DF not found: check if there is a RefParameter without a condition.
2021-05-24 13:51:18,706 [WARN] IP:2088 - Analog_Filter not found: check if there is a RefParameter without a condition.
2021-05-24 13:51:21,537 [WARN] IP:2088 - I2C_Coeff_DF not found: check if there is a RefParameter without a condition.
2021-05-24 13:51:21,537 [WARN] IP:2088 - Analog_Filter not found: check if there is a RefParameter without a condition.
2021-05-24 13:51:21,565 [WARN] IP:2088 - I2C_Coeff_DF not found: check if there is a RefParameter without a condition.
2021-05-24 13:51:21,565 [WARN] IP:2088 - Analog_Filter not found: check if there is a RefParameter without a condition.
2021-05-24 13:51:21,565 [WARN] IP:2088 - I2C_Coeff_DF not found: check if there is a RefParameter without a condition.
2021-05-24 13:51:21,565 [WARN] IP:2088 - Analog_Filter not found: check if there is a RefParameter without a condition.
2021-05-24 13:51:21,628 [WARN] IP:2088 - I2C_Coeff_DF not found: check if there is a RefParameter without a condition.
2021-05-24 13:51:21,628 [WARN] IP:2088 - Analog_Filter not found: check if there is a RefParameter without a condition.
2021-05-24 13:51:21,630 [WARN] IP:2088 - I2C_Coeff_DF not found: check if there is a RefParameter without a condition.
2021-05-24 13:51:21,630 [WARN] IP:2088 - Analog_Filter not found: check if there is a RefParameter without a condition.
2021-05-24 13:51:21,637 [WARN] IP:2088 - I2C_Coeff_DF not found: check if there is a RefParameter without a condition.
2021-05-24 13:51:21,638 [WARN] IP:2088 - Analog_Filter not found: check if there is a RefParameter without a condition.
2021-05-24 13:54:01,729 [WARN] IP:2088 - I2C_Coeff_DF not found: check if there is a RefParameter without a condition.
2021-05-24 13:54:01,729 [WARN] IP:2088 - Analog_Filter not found: check if there is a RefParameter without a condition.
2021-05-24 13:54:01,730 [WARN] IP:2088 - I2C_Coeff_DF not found: check if there is a RefParameter without a condition.
2021-05-24 13:54:01,730 [WARN] IP:2088 - Analog_Filter not found: check if there is a RefParameter without a condition.
2021-05-24 13:54:01,732 [WARN] IP:2088 - I2C_Coeff_DF not found: check if there is a RefParameter without a condition.
2021-05-24 13:54:01,732 [WARN] IP:2088 - Analog_Filter not found: check if there is a RefParameter without a condition.
2021-05-24 13:54:01,733 [WARN] IP:2088 - I2C_Coeff_DF not found: check if there is a RefParameter without a condition.
2021-05-24 13:54:01,733 [WARN] IP:2088 - Analog_Filter not found: check if there is a RefParameter without a condition.
2021-05-24 13:54:03,713 [WARN] IP:2088 - I2C_Coeff_DF not found: check if there is a RefParameter without a condition.
2021-05-24 13:54:03,714 [WARN] IP:2088 - Analog_Filter not found: check if there is a RefParameter without a condition.
2021-05-24 13:54:03,714 [WARN] IP:2088 - I2C_Coeff_DF not found: check if there is a RefParameter without a condition.
2021-05-24 13:54:03,714 [WARN] IP:2088 - Analog_Filter not found: check if there is a RefParameter without a condition.
2021-05-24 13:54:03,717 [WARN] IP:2088 - I2C_Coeff_DF not found: check if there is a RefParameter without a condition.
2021-05-24 13:54:03,717 [WARN] IP:2088 - Analog_Filter not found: check if there is a RefParameter without a condition.
2021-05-24 13:54:03,718 [WARN] IP:2088 - I2C_Coeff_DF not found: check if there is a RefParameter without a condition.
2021-05-24 13:54:03,718 [WARN] IP:2088 - Analog_Filter not found: check if there is a RefParameter without a condition.
2021-05-24 13:54:06,380 [WARN] IP:2088 - I2C_Coeff_DF not found: check if there is a RefParameter without a condition.
2021-05-24 13:54:06,380 [WARN] IP:2088 - Analog_Filter not found: check if there is a RefParameter without a condition.
2021-05-24 13:54:06,381 [WARN] IP:2088 - I2C_Coeff_DF not found: check if there is a RefParameter without a condition.
2021-05-24 13:54:06,381 [WARN] IP:2088 - Analog_Filter not found: check if there is a RefParameter without a condition.
2021-05-24 13:54:06,384 [WARN] IP:2088 - I2C_Coeff_DF not found: check if there is a RefParameter without a condition.
2021-05-24 13:54:06,385 [WARN] IP:2088 - Analog_Filter not found: check if there is a RefParameter without a condition.
2021-05-24 13:54:06,385 [WARN] IP:2088 - I2C_Coeff_DF not found: check if there is a RefParameter without a condition.
2021-05-24 13:54:06,386 [WARN] IP:2088 - Analog_Filter not found: check if there is a RefParameter without a condition.
2021-05-24 13:54:08,418 [WARN] IP:2088 - I2C_Coeff_DF not found: check if there is a RefParameter without a condition.
2021-05-24 13:54:08,418 [WARN] IP:2088 - Analog_Filter not found: check if there is a RefParameter without a condition.
2021-05-24 13:54:08,419 [WARN] IP:2088 - I2C_Coeff_DF not found: check if there is a RefParameter without a condition.
2021-05-24 13:54:08,420 [WARN] IP:2088 - Analog_Filter not found: check if there is a RefParameter without a condition.
2021-05-24 13:54:08,422 [WARN] IP:2088 - I2C_Coeff_DF not found: check if there is a RefParameter without a condition.
2021-05-24 13:54:08,422 [WARN] IP:2088 - Analog_Filter not found: check if there is a RefParameter without a condition.
2021-05-24 13:54:08,423 [WARN] IP:2088 - I2C_Coeff_DF not found: check if there is a RefParameter without a condition.
2021-05-24 13:54:08,424 [WARN] IP:2088 - Analog_Filter not found: check if there is a RefParameter without a condition.
2021-05-24 13:54:11,950 [WARN] IP:2088 - I2C_Coeff_DF not found: check if there is a RefParameter without a condition.
2021-05-24 13:54:11,951 [WARN] IP:2088 - Analog_Filter not found: check if there is a RefParameter without a condition.
2021-05-24 13:54:11,951 [WARN] IP:2088 - I2C_Coeff_DF not found: check if there is a RefParameter without a condition.
2021-05-24 13:54:11,952 [WARN] IP:2088 - Analog_Filter not found: check if there is a RefParameter without a condition.
2021-05-24 13:54:11,954 [WARN] IP:2088 - I2C_Coeff_DF not found: check if there is a RefParameter without a condition.
2021-05-24 13:54:11,955 [WARN] IP:2088 - Analog_Filter not found: check if there is a RefParameter without a condition.
2021-05-24 13:54:11,955 [WARN] IP:2088 - I2C_Coeff_DF not found: check if there is a RefParameter without a condition.
2021-05-24 13:54:11,956 [WARN] IP:2088 - Analog_Filter not found: check if there is a RefParameter without a condition.
2021-05-24 13:54:14,757 [WARN] IP:2088 - I2C_Coeff_DF not found: check if there is a RefParameter without a condition.
2021-05-24 13:54:14,758 [WARN] IP:2088 - Analog_Filter not found: check if there is a RefParameter without a condition.
2021-05-24 13:54:14,758 [WARN] IP:2088 - I2C_Coeff_DF not found: check if there is a RefParameter without a condition.
2021-05-24 13:54:14,759 [WARN] IP:2088 - Analog_Filter not found: check if there is a RefParameter without a condition.
2021-05-24 13:54:14,762 [WARN] IP:2088 - I2C_Coeff_DF not found: check if there is a RefParameter without a condition.
2021-05-24 13:54:14,762 [WARN] IP:2088 - Analog_Filter not found: check if there is a RefParameter without a condition.
2021-05-24 13:54:14,763 [WARN] IP:2088 - I2C_Coeff_DF not found: check if there is a RefParameter without a condition.
2021-05-24 13:54:14,763 [WARN] IP:2088 - Analog_Filter not found: check if there is a RefParameter without a condition.
2021-05-24 13:54:50,689 [INFO] UtilMem:74 - End SaveConfig() Used Memory: 384288640 Bytes (752877568)
2021-05-24 13:54:55,826 [INFO] UtilMem:74 - End SaveConfig() Used Memory: 595273872 Bytes (752877568)
2021-05-24 13:54:56,405 [INFO] BlockDiagram:2735 - set Specific Code input for plugin: NVIC
2021-05-24 13:54:56,405 [INFO] BlockDiagram:2735 - set Specific Code input for plugin: USART
2021-05-24 13:54:56,405 [INFO] BlockDiagram:2735 - set Specific Code input for plugin: TIM1_8
2021-05-24 13:54:56,405 [INFO] BlockDiagram:2735 - set Specific Code input for plugin: SYS
2021-05-24 13:54:56,406 [INFO] BlockDiagram:2735 - set Specific Code input for plugin: GPIO
2021-05-24 13:54:56,406 [INFO] BlockDiagram:2735 - set Specific Code input for plugin: RCC
2021-05-24 13:54:56,406 [INFO] BlockDiagram:2735 - set Specific Code input for plugin: I2C
2021-05-24 13:54:56,406 [INFO] BlockDiagram:2735 - set Specific Code input for plugin: I2C
2021-05-24 13:54:56,407 [INFO] CodeGenerator:641 - code generatio: config db path: /home/nomad/st/stm32cubeide_1.6.1/plugins/com.st.stm32cube.common.mx_6.2.1.202103241236//db/
2021-05-24 13:54:56,411 [WARN] IP:2088 - I2C_Coeff_DF not found: check if there is a RefParameter without a condition.
2021-05-24 13:54:56,412 [WARN] IP:2088 - Analog_Filter not found: check if there is a RefParameter without a condition.
2021-05-24 13:54:56,415 [WARN] IP:2088 - I2C_Coeff_DF not found: check if there is a RefParameter without a condition.
2021-05-24 13:54:56,415 [WARN] IP:2088 - Analog_Filter not found: check if there is a RefParameter without a condition.
2021-05-24 13:54:56,882 [INFO] CodeEngine:229 - oldGeneratedFile, /home/nomad/Documents/Project/STM32F411VE/ProjectCubeIDE/whiteroom/MXTmpFiles/license.tmp_save
2021-05-24 13:54:57,025 [INFO] CodeEngine:247 - Generated code: /home/nomad/Documents/Project/STM32F411VE/ProjectCubeIDE/whiteroom/MXTmpFiles/license.tmp
2021-05-24 13:54:57,231 [INFO] CodeEngine:229 - oldGeneratedFile, /home/nomad/Documents/Project/STM32F411VE/ProjectCubeIDE/whiteroom/MXTmpFiles/gpio.tmp_save
2021-05-24 13:54:57,387 [INFO] CodeEngine:247 - Generated code: /home/nomad/Documents/Project/STM32F411VE/ProjectCubeIDE/whiteroom/MXTmpFiles/gpio.tmp
2021-05-24 13:54:57,854 [INFO] LogOutputStream:76 - [STDOUT_REDIRECT] Command line
2021-05-24 13:54:57,855 [INFO] LogOutputStream:76 - [STDOUT_REDIRECT] Command line
2021-05-24 13:54:57,857 [INFO] LogOutputStream:76 - [STDOUT_REDIRECT] Command line
2021-05-24 13:54:57,871 [INFO] CodeEngine:229 - oldGeneratedFile, /home/nomad/Documents/Project/STM32F411VE/ProjectCubeIDE/whiteroom/Core/Src/stm32f4xx_it.c_save
2021-05-24 13:54:58,018 [INFO] CodeEngine:247 - Generated code: /home/nomad/Documents/Project/STM32F411VE/ProjectCubeIDE/whiteroom/Core/Src/stm32f4xx_it.c
2021-05-24 13:54:58,020 [INFO] CodeEngine:229 - oldGeneratedFile, /home/nomad/Documents/Project/STM32F411VE/ProjectCubeIDE/whiteroom/Core/Inc/stm32f4xx_it.h_save
2021-05-24 13:54:58,306 [INFO] CodeEngine:247 - Generated code: /home/nomad/Documents/Project/STM32F411VE/ProjectCubeIDE/whiteroom/Core/Inc/stm32f4xx_it.h
2021-05-24 13:54:58,325 [INFO] CodeEngine:229 - oldGeneratedFile, /home/nomad/Documents/Project/STM32F411VE/ProjectCubeIDE/whiteroom/Core/Src/stm32f4xx_hal_msp.c_save
2021-05-24 13:54:58,662 [INFO] CodeEngine:247 - Generated code: /home/nomad/Documents/Project/STM32F411VE/ProjectCubeIDE/whiteroom/Core/Src/stm32f4xx_hal_msp.c
2021-05-24 13:54:58,667 [INFO] CodeEngine:229 - oldGeneratedFile, /home/nomad/Documents/Project/STM32F411VE/ProjectCubeIDE/whiteroom/MXTmpFiles/system.tmp_save
2021-05-24 13:54:58,774 [INFO] CodeEngine:247 - Generated code: /home/nomad/Documents/Project/STM32F411VE/ProjectCubeIDE/whiteroom/MXTmpFiles/system.tmp
2021-05-24 13:54:58,782 [INFO] CodeEngine:229 - oldGeneratedFile, /home/nomad/Documents/Project/STM32F411VE/ProjectCubeIDE/whiteroom/Core/Inc/stm32f4xx_hal_conf.h_save
2021-05-24 13:54:58,966 [INFO] CodeEngine:247 - Generated code: /home/nomad/Documents/Project/STM32F411VE/ProjectCubeIDE/whiteroom/Core/Inc/stm32f4xx_hal_conf.h
2021-05-24 13:54:59,004 [WARN] IPConfigManager:2976 - IP not found : TIM
2021-05-24 13:54:59,004 [WARN] CodeGenerator:3191 - IP not found : null
2021-05-24 13:54:59,007 [INFO] CodeEngine:229 - oldGeneratedFile, /home/nomad/Documents/Project/STM32F411VE/ProjectCubeIDE/whiteroom/Core/Inc/main.h_save
2021-05-24 13:54:59,170 [INFO] CodeEngine:247 - Generated code: /home/nomad/Documents/Project/STM32F411VE/ProjectCubeIDE/whiteroom/Core/Inc/main.h
2021-05-24 13:54:59,172 [INFO] CodeEngine:229 - oldGeneratedFile, /home/nomad/Documents/Project/STM32F411VE/ProjectCubeIDE/whiteroom/Core/Src/main.c_save
2021-05-24 13:54:59,433 [INFO] CodeEngine:247 - Generated code: /home/nomad/Documents/Project/STM32F411VE/ProjectCubeIDE/whiteroom/Core/Src/main.c
2021-05-24 13:55:00,476 [INFO] ProjectBuilder:2460 - Time for Copy HAL[1] : 89mS.
2021-05-24 13:55:00,479 [INFO] ProjectBuilder:3418 - Project Generator version: 3.13.0-B3
2021-05-24 13:55:01,091 [INFO] ConfigFileManager:1242 - The Die is : DIE431
2021-05-24 13:55:04,497 [INFO] ProjectBuilder:3584 - Time for Generating toolchain IDE Files: 4018mS.
2021-05-24 13:55:04,499 [INFO] ProjectBuilder:2339 - Time for Copy CMSIS : 1mS.
2021-05-24 13:55:04,500 [INFO] ProjectBuilder:2339 - Time for Copy CMSIS : 0mS.
2021-05-24 14:06:21,137 [INFO] UtilMem:74 - End SaveConfig() Used Memory: 441838544 Bytes (876609536)
2021-05-24 14:06:26,320 [INFO] UtilMem:74 - End SaveConfig() Used Memory: 505693288 Bytes (876609536)
2021-05-24 14:06:26,622 [INFO] BlockDiagram:2735 - set Specific Code input for plugin: NVIC
2021-05-24 14:06:26,622 [INFO] BlockDiagram:2735 - set Specific Code input for plugin: USART
2021-05-24 14:06:26,622 [INFO] BlockDiagram:2735 - set Specific Code input for plugin: TIM1_8
2021-05-24 14:06:26,622 [INFO] BlockDiagram:2735 - set Specific Code input for plugin: SYS
2021-05-24 14:06:26,623 [INFO] BlockDiagram:2735 - set Specific Code input for plugin: GPIO
2021-05-24 14:06:26,623 [INFO] BlockDiagram:2735 - set Specific Code input for plugin: RCC
2021-05-24 14:06:26,623 [INFO] BlockDiagram:2735 - set Specific Code input for plugin: I2C
2021-05-24 14:06:26,623 [INFO] BlockDiagram:2735 - set Specific Code input for plugin: I2C
2021-05-24 14:06:26,623 [INFO] CodeGenerator:641 - code generatio: config db path: /home/nomad/st/stm32cubeide_1.6.1/plugins/com.st.stm32cube.common.mx_6.2.1.202103241236//db/
2021-05-24 14:06:26,627 [WARN] IP:2088 - I2C_Coeff_DF not found: check if there is a RefParameter without a condition.
2021-05-24 14:06:26,627 [WARN] IP:2088 - Analog_Filter not found: check if there is a RefParameter without a condition.
2021-05-24 14:06:26,629 [WARN] IP:2088 - I2C_Coeff_DF not found: check if there is a RefParameter without a condition.
2021-05-24 14:06:26,629 [WARN] IP:2088 - Analog_Filter not found: check if there is a RefParameter without a condition.
2021-05-24 14:06:26,918 [INFO] CodeEngine:229 - oldGeneratedFile, /home/nomad/Documents/Project/STM32F411VE/ProjectCubeIDE/whiteroom/MXTmpFiles/license.tmp_save
2021-05-24 14:06:26,994 [INFO] CodeEngine:247 - Generated code: /home/nomad/Documents/Project/STM32F411VE/ProjectCubeIDE/whiteroom/MXTmpFiles/license.tmp
2021-05-24 14:06:27,031 [INFO] CodeEngine:229 - oldGeneratedFile, /home/nomad/Documents/Project/STM32F411VE/ProjectCubeIDE/whiteroom/MXTmpFiles/gpio.tmp_save
2021-05-24 14:06:27,106 [INFO] CodeEngine:247 - Generated code: /home/nomad/Documents/Project/STM32F411VE/ProjectCubeIDE/whiteroom/MXTmpFiles/gpio.tmp
2021-05-24 14:06:27,548 [INFO] LogOutputStream:76 - [STDOUT_REDIRECT] Command line
2021-05-24 14:06:27,550 [INFO] LogOutputStream:76 - [STDOUT_REDIRECT] Command line
2021-05-24 14:06:27,553 [INFO] LogOutputStream:76 - [STDOUT_REDIRECT] Command line
2021-05-24 14:06:27,562 [INFO] CodeEngine:229 - oldGeneratedFile, /home/nomad/Documents/Project/STM32F411VE/ProjectCubeIDE/whiteroom/Core/Src/stm32f4xx_it.c_save
2021-05-24 14:06:27,835 [INFO] CodeEngine:247 - Generated code: /home/nomad/Documents/Project/STM32F411VE/ProjectCubeIDE/whiteroom/Core/Src/stm32f4xx_it.c
2021-05-24 14:06:27,837 [INFO] CodeEngine:229 - oldGeneratedFile, /home/nomad/Documents/Project/STM32F411VE/ProjectCubeIDE/whiteroom/Core/Inc/stm32f4xx_it.h_save
2021-05-24 14:06:27,988 [INFO] CodeEngine:247 - Generated code: /home/nomad/Documents/Project/STM32F411VE/ProjectCubeIDE/whiteroom/Core/Inc/stm32f4xx_it.h
2021-05-24 14:06:27,993 [INFO] CodeEngine:229 - oldGeneratedFile, /home/nomad/Documents/Project/STM32F411VE/ProjectCubeIDE/whiteroom/Core/Src/stm32f4xx_hal_msp.c_save
2021-05-24 14:06:28,319 [INFO] CodeEngine:247 - Generated code: /home/nomad/Documents/Project/STM32F411VE/ProjectCubeIDE/whiteroom/Core/Src/stm32f4xx_hal_msp.c
2021-05-24 14:06:28,321 [INFO] CodeEngine:229 - oldGeneratedFile, /home/nomad/Documents/Project/STM32F411VE/ProjectCubeIDE/whiteroom/MXTmpFiles/system.tmp_save
2021-05-24 14:06:28,535 [INFO] CodeEngine:247 - Generated code: /home/nomad/Documents/Project/STM32F411VE/ProjectCubeIDE/whiteroom/MXTmpFiles/system.tmp
2021-05-24 14:06:28,538 [INFO] CodeEngine:229 - oldGeneratedFile, /home/nomad/Documents/Project/STM32F411VE/ProjectCubeIDE/whiteroom/Core/Inc/stm32f4xx_hal_conf.h_save
2021-05-24 14:06:28,749 [INFO] CodeEngine:247 - Generated code: /home/nomad/Documents/Project/STM32F411VE/ProjectCubeIDE/whiteroom/Core/Inc/stm32f4xx_hal_conf.h
2021-05-24 14:06:28,778 [WARN] IPConfigManager:2976 - IP not found : TIM
2021-05-24 14:06:28,779 [WARN] CodeGenerator:3191 - IP not found : null
2021-05-24 14:06:28,782 [INFO] CodeEngine:229 - oldGeneratedFile, /home/nomad/Documents/Project/STM32F411VE/ProjectCubeIDE/whiteroom/Core/Inc/main.h_save
2021-05-24 14:06:28,890 [INFO] CodeEngine:247 - Generated code: /home/nomad/Documents/Project/STM32F411VE/ProjectCubeIDE/whiteroom/Core/Inc/main.h
2021-05-24 14:06:28,892 [INFO] CodeEngine:229 - oldGeneratedFile, /home/nomad/Documents/Project/STM32F411VE/ProjectCubeIDE/whiteroom/Core/Src/main.c_save
2021-05-24 14:06:29,109 [INFO] CodeEngine:247 - Generated code: /home/nomad/Documents/Project/STM32F411VE/ProjectCubeIDE/whiteroom/Core/Src/main.c
2021-05-24 14:06:29,893 [INFO] ProjectBuilder:2460 - Time for Copy HAL[1] : 22mS.
2021-05-24 14:06:29,895 [INFO] ProjectBuilder:3418 - Project Generator version: 3.13.0-B3
2021-05-24 14:06:30,175 [INFO] ConfigFileManager:1242 - The Die is : DIE431
2021-05-24 14:06:32,974 [INFO] ProjectBuilder:3584 - Time for Generating toolchain IDE Files: 3079mS.
2021-05-24 14:06:32,974 [INFO] ProjectBuilder:2339 - Time for Copy CMSIS : 0mS.
2021-05-24 14:06:32,975 [INFO] ProjectBuilder:2339 - Time for Copy CMSIS : 0mS.
2021-05-24 14:07:20,852 [INFO] UtilMem:74 - End SaveConfig() Used Memory: 695098728 Bytes (876609536)
2021-05-24 14:07:21,171 [INFO] BlockDiagram:2735 - set Specific Code input for plugin: NVIC
2021-05-24 14:07:21,171 [INFO] BlockDiagram:2735 - set Specific Code input for plugin: USART
2021-05-24 14:07:21,171 [INFO] BlockDiagram:2735 - set Specific Code input for plugin: TIM1_8
2021-05-24 14:07:21,171 [INFO] BlockDiagram:2735 - set Specific Code input for plugin: SYS
2021-05-24 14:07:21,172 [INFO] BlockDiagram:2735 - set Specific Code input for plugin: GPIO
2021-05-24 14:07:21,172 [INFO] BlockDiagram:2735 - set Specific Code input for plugin: RCC
2021-05-24 14:07:21,172 [INFO] BlockDiagram:2735 - set Specific Code input for plugin: I2C
2021-05-24 14:07:21,172 [INFO] BlockDiagram:2735 - set Specific Code input for plugin: I2C
2021-05-24 14:07:21,172 [INFO] CodeGenerator:641 - code generatio: config db path: /home/nomad/st/stm32cubeide_1.6.1/plugins/com.st.stm32cube.common.mx_6.2.1.202103241236//db/
2021-05-24 14:07:21,187 [WARN] IP:2088 - I2C_Coeff_DF not found: check if there is a RefParameter without a condition.
2021-05-24 14:07:21,187 [WARN] IP:2088 - Analog_Filter not found: check if there is a RefParameter without a condition.
2021-05-24 14:07:21,189 [WARN] IP:2088 - I2C_Coeff_DF not found: check if there is a RefParameter without a condition.
2021-05-24 14:07:21,190 [WARN] IP:2088 - Analog_Filter not found: check if there is a RefParameter without a condition.
2021-05-24 14:07:21,642 [INFO] CodeEngine:229 - oldGeneratedFile, /home/nomad/Documents/Project/STM32F411VE/ProjectCubeIDE/whiteroom/MXTmpFiles/license.tmp_save
2021-05-24 14:07:21,878 [INFO] CodeEngine:247 - Generated code: /home/nomad/Documents/Project/STM32F411VE/ProjectCubeIDE/whiteroom/MXTmpFiles/license.tmp
2021-05-24 14:07:21,954 [INFO] CodeEngine:229 - oldGeneratedFile, /home/nomad/Documents/Project/STM32F411VE/ProjectCubeIDE/whiteroom/MXTmpFiles/gpio.tmp_save
2021-05-24 14:07:22,048 [INFO] CodeEngine:247 - Generated code: /home/nomad/Documents/Project/STM32F411VE/ProjectCubeIDE/whiteroom/MXTmpFiles/gpio.tmp
2021-05-24 14:07:22,407 [INFO] LogOutputStream:76 - [STDOUT_REDIRECT] Command line
2021-05-24 14:07:22,408 [INFO] LogOutputStream:76 - [STDOUT_REDIRECT] Command line
2021-05-24 14:07:22,410 [INFO] LogOutputStream:76 - [STDOUT_REDIRECT] Command line
2021-05-24 14:07:22,420 [INFO] CodeEngine:229 - oldGeneratedFile, /home/nomad/Documents/Project/STM32F411VE/ProjectCubeIDE/whiteroom/Core/Src/stm32f4xx_it.c_save
2021-05-24 14:07:22,564 [INFO] CodeEngine:247 - Generated code: /home/nomad/Documents/Project/STM32F411VE/ProjectCubeIDE/whiteroom/Core/Src/stm32f4xx_it.c
2021-05-24 14:07:22,565 [INFO] CodeEngine:229 - oldGeneratedFile, /home/nomad/Documents/Project/STM32F411VE/ProjectCubeIDE/whiteroom/Core/Inc/stm32f4xx_it.h_save
2021-05-24 14:07:22,658 [INFO] CodeEngine:247 - Generated code: /home/nomad/Documents/Project/STM32F411VE/ProjectCubeIDE/whiteroom/Core/Inc/stm32f4xx_it.h
2021-05-24 14:07:22,663 [INFO] CodeEngine:229 - oldGeneratedFile, /home/nomad/Documents/Project/STM32F411VE/ProjectCubeIDE/whiteroom/Core/Src/stm32f4xx_hal_msp.c_save
2021-05-24 14:07:22,857 [INFO] CodeEngine:247 - Generated code: /home/nomad/Documents/Project/STM32F411VE/ProjectCubeIDE/whiteroom/Core/Src/stm32f4xx_hal_msp.c
2021-05-24 14:07:22,858 [INFO] CodeEngine:229 - oldGeneratedFile, /home/nomad/Documents/Project/STM32F411VE/ProjectCubeIDE/whiteroom/MXTmpFiles/system.tmp_save
2021-05-24 14:07:22,946 [INFO] CodeEngine:247 - Generated code: /home/nomad/Documents/Project/STM32F411VE/ProjectCubeIDE/whiteroom/MXTmpFiles/system.tmp
2021-05-24 14:07:22,951 [INFO] CodeEngine:229 - oldGeneratedFile, /home/nomad/Documents/Project/STM32F411VE/ProjectCubeIDE/whiteroom/Core/Inc/stm32f4xx_hal_conf.h_save
2021-05-24 14:07:23,146 [INFO] CodeEngine:247 - Generated code: /home/nomad/Documents/Project/STM32F411VE/ProjectCubeIDE/whiteroom/Core/Inc/stm32f4xx_hal_conf.h
2021-05-24 14:07:23,203 [WARN] IPConfigManager:2976 - IP not found : TIM
2021-05-24 14:07:23,204 [WARN] CodeGenerator:3191 - IP not found : null
2021-05-24 14:07:23,208 [INFO] CodeEngine:229 - oldGeneratedFile, /home/nomad/Documents/Project/STM32F411VE/ProjectCubeIDE/whiteroom/Core/Inc/main.h_save
2021-05-24 14:07:23,373 [INFO] CodeEngine:247 - Generated code: /home/nomad/Documents/Project/STM32F411VE/ProjectCubeIDE/whiteroom/Core/Inc/main.h
2021-05-24 14:07:23,391 [INFO] CodeEngine:229 - oldGeneratedFile, /home/nomad/Documents/Project/STM32F411VE/ProjectCubeIDE/whiteroom/Core/Src/main.c_save
2021-05-24 14:07:23,704 [INFO] CodeEngine:247 - Generated code: /home/nomad/Documents/Project/STM32F411VE/ProjectCubeIDE/whiteroom/Core/Src/main.c
2021-05-24 14:07:24,747 [INFO] ProjectBuilder:2460 - Time for Copy HAL[1] : 21mS.
2021-05-24 14:07:24,750 [INFO] ProjectBuilder:3418 - Project Generator version: 3.13.0-B3
2021-05-24 14:07:25,019 [INFO] ConfigFileManager:1242 - The Die is : DIE431
2021-05-24 14:07:27,549 [INFO] ProjectBuilder:3584 - Time for Generating toolchain IDE Files: 2799mS.
2021-05-24 14:07:27,549 [INFO] ProjectBuilder:2339 - Time for Copy CMSIS : 0mS.
2021-05-24 14:07:27,550 [INFO] ProjectBuilder:2339 - Time for Copy CMSIS : 0mS.
2021-05-24 20:31:12,321 [INFO] Activator:170 - 


2021-05-24 20:31:12,326 [INFO] Activator:171 - !SESSION log4j initialized
2021-05-24 21:38:44,665 [INFO] Activator:170 - 


2021-05-24 21:38:44,670 [INFO] Activator:171 - !SESSION log4j initialized
2021-05-25 09:28:22,704 [INFO] Activator:170 - 


2021-05-25 09:28:22,710 [INFO] Activator:171 - !SESSION log4j initialized
2021-05-25 15:13:52,040 [INFO] Activator:170 - 


2021-05-25 15:13:52,091 [INFO] Activator:171 - !SESSION log4j initialized
